<?xml version="1.0" encoding="UTF-8"?>
<coverage generated="1466305004091" clover="3.2.0">
	<project timestamp="1466305004091"  name="All Files" >
		<metrics statements="59"  coveredstatements="28"  conditionals="55"  coveredconditionals="20"  methods="35"  coveredmethods="16"  elements="149"  coveredelements="64"  complexity="0"  packages="3"  files="3"  classes="3"  loc="220"  ncloc="220" />
		<package name="actions.__mocks__" >
			<metrics statements="2"  coveredstatements="2"  conditionals="4"  coveredconditionals="3"  methods="1"  coveredmethods="1" />
			<file name="MenuActions.js"  path="/home/myles/Documents/score-fluent/src/client/logic/actions/__mocks__/MenuActions.js" >
				<metrics statements="2"  coveredstatements="2"  conditionals="4"  coveredconditionals="3"  methods="1"  coveredmethods="1" />
				<line num="1"  count="1"  type="stmt" />
				<line num="3"  count="1"  type="cond"  truecount="3"  falsecount="1" />
			</file>
		</package>
		<package name="libs" >
			<metrics statements="3"  coveredstatements="3"  conditionals="4"  coveredconditionals="3"  methods="1"  coveredmethods="1" />
			<file name="alt.js"  path="/home/myles/Documents/score-fluent/src/client/logic/libs/alt.js" >
				<metrics statements="3"  coveredstatements="3"  conditionals="4"  coveredconditionals="3"  methods="1"  coveredmethods="1" />
				<line num="1"  count="1"  type="cond"  truecount="3"  falsecount="1" />
				<line num="3"  count="1"  type="stmt" />
				<line num="4"  count="1"  type="stmt" />
			</file>
		</package>
		<package name="stores" >
			<metrics statements="54"  coveredstatements="23"  conditionals="47"  coveredconditionals="14"  methods="33"  coveredmethods="14" />
			<file name="MenuStore.js"  path="/home/myles/Documents/score-fluent/src/client/logic/stores/MenuStore.js" >
				<metrics statements="54"  coveredstatements="23"  conditionals="47"  coveredconditionals="14"  methods="33"  coveredmethods="14" />
				<line num="1"  count="13"  type="cond"  truecount="6"  falsecount="20" />
				<line num="2"  count="1"  type="stmt" />
				<line num="4"  count="3"  type="cond"  truecount="5"  falsecount="1" />
				<line num="8"  count="1"  type="stmt" />
				<line num="9"  count="1"  type="stmt" />
				<line num="11"  count="1"  type="stmt" />
				<line num="12"  count="1"  type="stmt" />
				<line num="13"  count="1"  type="stmt" />
				<line num="14"  count="1"  type="stmt" />
				<line num="15"  count="1"  type="stmt" />
				<line num="17"  count="1"  type="stmt" />
				<line num="18"  count="1"  type="stmt" />
				<line num="24"  count="1"  type="stmt" />
				<line num="26"  count="1"  type="cond"  truecount="1"  falsecount="1" />
				<line num="27"  count="0"  type="stmt" />
				<line num="31"  count="0"  type="stmt" />
				<line num="34"  count="0"  type="stmt" />
				<line num="35"  count="0"  type="cond"  truecount="0"  falsecount="5" />
				<line num="37"  count="0"  type="stmt" />
				<line num="38"  count="0"  type="stmt" />
				<line num="40"  count="0"  type="stmt" />
				<line num="41"  count="0"  type="stmt" />
				<line num="43"  count="0"  type="stmt" />
				<line num="44"  count="0"  type="stmt" />
				<line num="46"  count="0"  type="stmt" />
				<line num="47"  count="0"  type="stmt" />
				<line num="49"  count="0"  type="stmt" />
				<line num="50"  count="0"  type="stmt" />
				<line num="54"  count="0"  type="stmt" />
				<line num="55"  count="1"  type="stmt" />
				<line num="56"  count="0"  type="cond"  truecount="0"  falsecount="2" />
				<line num="57"  count="0"  type="stmt" />
				<line num="58"  count="0"  type="stmt" />
				<line num="60"  count="0"  type="stmt" />
				<line num="61"  count="0"  type="stmt" />
				<line num="62"  count="0"  type="stmt" />
				<line num="65"  count="0"  type="stmt" />
				<line num="70"  count="0"  type="stmt" />
				<line num="71"  count="0"  type="cond"  truecount="0"  falsecount="2" />
				<line num="73"  count="0"  type="stmt" />
				<line num="77"  count="0"  type="stmt" />
				<line num="85"  count="1"  type="stmt" />
				<line num="86"  count="0"  type="stmt" />
				<line num="91"  count="1"  type="stmt" />
				<line num="92"  count="1"  type="stmt" />
				<line num="93"  count="1"  type="stmt" />
				<line num="94"  count="5"  type="stmt" />
				<line num="95"  count="1"  type="stmt" />
				<line num="114"  count="0"  type="stmt" />
				<line num="124"  count="1"  type="stmt" />
				<line num="134"  count="0"  type="stmt" />
				<line num="152"  count="0"  type="stmt" />
				<line num="193"  count="0"  type="stmt" />
				<line num="213"  count="1"  type="stmt" />
			</file>
		</package>
	</project>
</coverage>
