<?xml version="1.0" encoding="UTF-8"?>
<coverage generated="1466890228582" clover="3.2.0">
	<project timestamp="1466890228582"  name="All Files" >
		<metrics statements="266"  coveredstatements="221"  conditionals="252"  coveredconditionals="159"  methods="115"  coveredmethods="97"  elements="633"  coveredelements="477"  complexity="0"  packages="3"  files="9"  classes="9"  loc="745"  ncloc="745" />
		<package name="actions" >
			<metrics statements="51"  coveredstatements="22"  conditionals="47"  coveredconditionals="27"  methods="24"  coveredmethods="18" />
			<file name="AuthActions.js"  path="/home/myles/Documents/score-fluent/src/client/logic/actions/AuthActions.js" >
				<metrics statements="22"  coveredstatements="9"  conditionals="16"  coveredconditionals="10"  methods="11"  coveredmethods="7" />
				<line num="1"  count="6"  type="cond"  truecount="5"  falsecount="3" />
				<line num="3"  count="2"  type="stmt" />
				<line num="5"  count="2"  type="stmt" />
				<line num="6"  count="2"  type="stmt" />
				<line num="8"  count="2"  type="stmt" />
				<line num="9"  count="12"  type="cond"  truecount="5"  falsecount="1" />
				<line num="12"  count="2"  type="stmt" />
				<line num="13"  count="2"  type="stmt" />
				<line num="17"  count="0"  type="stmt" />
				<line num="18"  count="0"  type="stmt" />
				<line num="22"  count="0"  type="stmt" />
				<line num="23"  count="0"  type="stmt" />
				<line num="26"  count="0"  type="stmt" />
				<line num="27"  count="0"  type="stmt" />
				<line num="35"  count="0"  type="cond"  truecount="0"  falsecount="2" />
				<line num="36"  count="0"  type="stmt" />
				<line num="39"  count="0"  type="stmt" />
				<line num="40"  count="0"  type="stmt" />
				<line num="42"  count="0"  type="stmt" />
				<line num="43"  count="0"  type="stmt" />
				<line num="44"  count="0"  type="stmt" />
				<line num="47"  count="2"  type="stmt" />
			</file>
			<file name="GameActions.js"  path="/home/myles/Documents/score-fluent/src/client/logic/actions/GameActions.js" >
				<metrics statements="1"  coveredstatements="1"  conditionals="4"  coveredconditionals="3"  methods="1"  coveredmethods="1" />
				<line num="1"  count="3"  type="cond"  truecount="3"  falsecount="1" />
			</file>
			<file name="MenuActions.js"  path="/home/myles/Documents/score-fluent/src/client/logic/actions/MenuActions.js" >
				<metrics statements="24"  coveredstatements="8"  conditionals="21"  coveredconditionals="10"  methods="9"  coveredmethods="7" />
				<line num="1"  count="2"  type="cond"  truecount="5"  falsecount="3" />
				<line num="3"  count="2"  type="stmt" />
				<line num="4"  count="2"  type="stmt" />
				<line num="6"  count="8"  type="cond"  truecount="5"  falsecount="1" />
				<line num="10"  count="2"  type="stmt" />
				<line num="11"  count="2"  type="stmt" />
				<line num="16"  count="2"  type="stmt" />
				<line num="21"  count="0"  type="stmt" />
				<line num="22"  count="0"  type="cond"  truecount="0"  falsecount="7" />
				<line num="24"  count="0"  type="stmt" />
				<line num="25"  count="0"  type="stmt" />
				<line num="27"  count="0"  type="stmt" />
				<line num="28"  count="0"  type="stmt" />
				<line num="30"  count="0"  type="stmt" />
				<line num="31"  count="0"  type="stmt" />
				<line num="32"  count="0"  type="stmt" />
				<line num="34"  count="0"  type="stmt" />
				<line num="35"  count="0"  type="stmt" />
				<line num="37"  count="0"  type="stmt" />
				<line num="38"  count="0"  type="stmt" />
				<line num="40"  count="0"  type="stmt" />
				<line num="41"  count="0"  type="stmt" />
				<line num="43"  count="0"  type="stmt" />
				<line num="44"  count="2"  type="stmt" />
			</file>
			<file name="ModalActions.js"  path="/home/myles/Documents/score-fluent/src/client/logic/actions/ModalActions.js" >
				<metrics statements="4"  coveredstatements="4"  conditionals="6"  coveredconditionals="4"  methods="3"  coveredmethods="3" />
				<line num="1"  count="3"  type="cond"  truecount="4"  falsecount="2" />
				<line num="4"  count="3"  type="stmt" />
				<line num="5"  count="3"  type="stmt" />
				<line num="10"  count="3"  type="stmt" />
			</file>
		</package>
		<package name="libs" >
			<metrics statements="3"  coveredstatements="3"  conditionals="4"  coveredconditionals="3"  methods="1"  coveredmethods="1" />
			<file name="alt.js"  path="/home/myles/Documents/score-fluent/src/client/logic/libs/alt.js" >
				<metrics statements="3"  coveredstatements="3"  conditionals="4"  coveredconditionals="3"  methods="1"  coveredmethods="1" />
				<line num="1"  count="17"  type="cond"  truecount="3"  falsecount="1" />
				<line num="3"  count="17"  type="stmt" />
				<line num="4"  count="17"  type="stmt" />
			</file>
		</package>
		<package name="stores" >
			<metrics statements="212"  coveredstatements="196"  conditionals="201"  coveredconditionals="129"  methods="90"  coveredmethods="78" />
			<file name="AuthStore.js"  path="/home/myles/Documents/score-fluent/src/client/logic/stores/AuthStore.js" >
				<metrics statements="22"  coveredstatements="21"  conditionals="20"  coveredconditionals="15"  methods="12"  coveredmethods="11" />
				<line num="1"  count="9"  type="cond"  truecount="5"  falsecount="3" />
				<line num="3"  count="6"  type="cond"  truecount="5"  falsecount="1" />
				<line num="7"  count="3"  type="stmt" />
				<line num="8"  count="3"  type="stmt" />
				<line num="10"  count="3"  type="stmt" />
				<line num="11"  count="3"  type="stmt" />
				<line num="13"  count="3"  type="stmt" />
				<line num="14"  count="0"  type="stmt" />
				<line num="15"  count="3"  type="cond"  truecount="2"  falsecount="0" />
				<line num="22"  count="3"  type="stmt" />
				<line num="24"  count="2"  type="cond"  truecount="1"  falsecount="1" />
				<line num="25"  count="2"  type="stmt" />
				<line num="27"  count="2"  type="stmt" />
				<line num="28"  count="2"  type="cond"  truecount="2"  falsecount="0" />
				<line num="29"  count="1"  type="stmt" />
				<line num="31"  count="1"  type="stmt" />
				<line num="34"  count="2"  type="stmt" />
				<line num="38"  count="1"  type="stmt" />
				<line num="39"  count="1"  type="stmt" />
				<line num="47"  count="2"  type="stmt" />
				<line num="48"  count="2"  type="stmt" />
				<line num="50"  count="3"  type="stmt" />
			</file>
			<file name="GameStore.js"  path="/home/myles/Documents/score-fluent/src/client/logic/stores/GameStore.js" >
				<metrics statements="63"  coveredstatements="59"  conditionals="55"  coveredconditionals="33"  methods="24"  coveredmethods="19" />
				<line num="1"  count="21"  type="cond"  truecount="7"  falsecount="19" />
				<line num="2"  count="3"  type="stmt" />
				<line num="4"  count="3"  type="stmt" />
				<line num="5"  count="12"  type="cond"  truecount="5"  falsecount="1" />
				<line num="9"  count="3"  type="stmt" />
				<line num="10"  count="3"  type="stmt" />
				<line num="12"  count="3"  type="stmt" />
				<line num="13"  count="3"  type="stmt" />
				<line num="15"  count="3"  type="stmt" />
				<line num="16"  count="3"  type="stmt" />
				<line num="17"  count="3"  type="stmt" />
				<line num="19"  count="3"  type="stmt" />
				<line num="20"  count="3"  type="stmt" />
				<line num="22"  count="3"  type="stmt" />
				<line num="23"  count="3"  type="stmt" />
				<line num="25"  count="3"  type="stmt" />
				<line num="26"  count="3"  type="stmt" />
				<line num="27"  count="3"  type="stmt" />
				<line num="29"  count="3"  type="stmt" />
				<line num="30"  count="0"  type="stmt" />
				<line num="31"  count="0"  type="stmt" />
				<line num="32"  count="3"  type="stmt" />
				<line num="37"  count="8"  type="stmt" />
				<line num="38"  count="8"  type="cond"  truecount="2"  falsecount="0" />
				<line num="39"  count="4"  type="stmt" />
				<line num="44"  count="4"  type="stmt" />
				<line num="45"  count="4"  type="stmt" />
				<line num="46"  count="4"  type="stmt" />
				<line num="59"  count="2"  type="stmt" />
				<line num="60"  count="2"  type="cond"  truecount="1"  falsecount="1" />
				<line num="61"  count="2"  type="stmt" />
				<line num="62"  count="2"  type="cond"  truecount="4"  falsecount="1" />
				<line num="63"  count="1"  type="stmt" />
				<line num="64"  count="1"  type="stmt" />
				<line num="75"  count="1"  type="stmt" />
				<line num="76"  count="1"  type="stmt" />
				<line num="87"  count="2"  type="stmt" />
				<line num="88"  count="2"  type="stmt" />
				<line num="94"  count="9"  type="stmt" />
				<line num="95"  count="9"  type="stmt" />
				<line num="96"  count="9"  type="stmt" />
				<line num="97"  count="9"  type="cond"  truecount="2"  falsecount="0" />
				<line num="98"  count="301"  type="stmt" />
				<line num="99"  count="301"  type="cond"  truecount="2"  falsecount="0" />
				<line num="100"  count="25"  type="stmt" />
				<line num="104"  count="276"  type="cond"  truecount="2"  falsecount="0" />
				<line num="105"  count="25"  type="stmt" />
				<line num="109"  count="251"  type="cond"  truecount="2"  falsecount="0" />
				<line num="110"  count="25"  type="stmt" />
				<line num="114"  count="226"  type="cond"  truecount="2"  falsecount="0" />
				<line num="115"  count="126"  type="stmt" />
				<line num="120"  count="100"  type="stmt" />
				<line num="126"  count="9"  type="stmt" />
				<line num="130"  count="301"  type="stmt" />
				<line num="134"  count="2"  type="stmt" />
				<line num="135"  count="2"  type="stmt" />
				<line num="136"  count="2"  type="stmt" />
				<line num="137"  count="0"  type="stmt" />
				<line num="138"  count="0"  type="stmt" />
				<line num="140"  count="2"  type="stmt" />
				<line num="152"  count="7"  type="stmt" />
				<line num="153"  count="7"  type="stmt" />
				<line num="161"  count="9"  type="stmt" />
			</file>
			<file name="MenuStore.js"  path="/home/myles/Documents/score-fluent/src/client/logic/stores/MenuStore.js" >
				<metrics statements="53"  coveredstatements="44"  conditionals="51"  coveredconditionals="27"  methods="31"  coveredmethods="27" />
				<line num="1"  count="12"  type="cond"  truecount="7"  falsecount="19" />
				<line num="2"  count="1"  type="stmt" />
				<line num="4"  count="3"  type="cond"  truecount="5"  falsecount="1" />
				<line num="8"  count="1"  type="stmt" />
				<line num="9"  count="1"  type="stmt" />
				<line num="11"  count="1"  type="stmt" />
				<line num="12"  count="1"  type="stmt" />
				<line num="13"  count="1"  type="stmt" />
				<line num="14"  count="1"  type="stmt" />
				<line num="16"  count="1"  type="stmt" />
				<line num="17"  count="1"  type="stmt" />
				<line num="23"  count="1"  type="stmt" />
				<line num="25"  count="2"  type="cond"  truecount="2"  falsecount="0" />
				<line num="26"  count="1"  type="stmt" />
				<line num="30"  count="0"  type="stmt" />
				<line num="33"  count="2"  type="stmt" />
				<line num="34"  count="2"  type="cond"  truecount="2"  falsecount="3" />
				<line num="36"  count="0"  type="stmt" />
				<line num="37"  count="0"  type="stmt" />
				<line num="39"  count="1"  type="stmt" />
				<line num="40"  count="1"  type="stmt" />
				<line num="42"  count="1"  type="stmt" />
				<line num="43"  count="1"  type="stmt" />
				<line num="45"  count="0"  type="stmt" />
				<line num="46"  count="0"  type="stmt" />
				<line num="48"  count="0"  type="stmt" />
				<line num="49"  count="0"  type="stmt" />
				<line num="53"  count="1"  type="stmt" />
				<line num="54"  count="3"  type="stmt" />
				<line num="55"  count="1"  type="cond"  truecount="1"  falsecount="1" />
				<line num="56"  count="1"  type="stmt" />
				<line num="57"  count="3"  type="stmt" />
				<line num="59"  count="1"  type="stmt" />
				<line num="60"  count="1"  type="stmt" />
				<line num="61"  count="1"  type="stmt" />
				<line num="64"  count="0"  type="stmt" />
				<line num="69"  count="35"  type="stmt" />
				<line num="70"  count="7"  type="cond"  truecount="4"  falsecount="0" />
				<line num="71"  count="6"  type="stmt" />
				<line num="72"  count="30"  type="cond"  truecount="2"  falsecount="0" />
				<line num="74"  count="6"  type="stmt" />
				<line num="79"  count="1"  type="stmt" />
				<line num="88"  count="6"  type="stmt" />
				<line num="89"  count="6"  type="stmt" />
				<line num="90"  count="6"  type="stmt" />
				<line num="91"  count="28"  type="stmt" />
				<line num="92"  count="6"  type="stmt" />
				<line num="111"  count="1"  type="stmt" />
				<line num="121"  count="1"  type="stmt" />
				<line num="131"  count="1"  type="stmt" />
				<line num="149"  count="1"  type="stmt" />
				<line num="190"  count="0"  type="stmt" />
				<line num="210"  count="1"  type="stmt" />
			</file>
			<file name="ModalStore.js"  path="/home/myles/Documents/score-fluent/src/client/logic/stores/ModalStore.js" >
				<metrics statements="74"  coveredstatements="72"  conditionals="75"  coveredconditionals="54"  methods="23"  coveredmethods="21" />
				<line num="1"  count="45"  type="cond"  truecount="6"  falsecount="16" />
				<line num="2"  count="3"  type="stmt" />
				<line num="4"  count="9"  type="cond"  truecount="5"  falsecount="1" />
				<line num="8"  count="3"  type="stmt" />
				<line num="9"  count="3"  type="stmt" />
				<line num="11"  count="3"  type="stmt" />
				<line num="12"  count="3"  type="stmt" />
				<line num="13"  count="3"  type="stmt" />
				<line num="14"  count="3"  type="stmt" />
				<line num="15"  count="3"  type="stmt" />
				<line num="16"  count="3"  type="stmt" />
				<line num="17"  count="3"  type="stmt" />
				<line num="19"  count="3"  type="stmt" />
				<line num="20"  count="0"  type="stmt" />
				<line num="28"  count="3"  type="stmt" />
				<line num="29"  count="3"  type="stmt" />
				<line num="30"  count="3"  type="stmt" />
				<line num="31"  count="3"  type="stmt" />
				<line num="32"  count="1"  type="stmt" />
				<line num="43"  count="2"  type="stmt" />
				<line num="93"  count="2"  type="stmt" />
				<line num="123"  count="45"  type="stmt" />
				<line num="124"  count="45"  type="stmt" />
				<line num="125"  count="45"  type="stmt" />
				<line num="126"  count="45"  type="stmt" />
				<line num="127"  count="45"  type="stmt" />
				<line num="128"  count="45"  type="stmt" />
				<line num="131"  count="45"  type="cond"  truecount="2"  falsecount="0" />
				<line num="132"  count="39"  type="cond"  truecount="2"  falsecount="2" />
				<line num="133"  count="0"  type="stmt" />
				<line num="136"  count="39"  type="cond"  truecount="5"  falsecount="0" />
				<line num="137"  count="10"  type="stmt" />
				<line num="139"  count="29"  type="cond"  truecount="4"  falsecount="0" />
				<line num="140"  count="17"  type="stmt" />
				<line num="143"  count="45"  type="cond"  truecount="5"  falsecount="0" />
				<line num="144"  count="14"  type="stmt" />
				<line num="148"  count="45"  type="stmt" />
				<line num="150"  count="45"  type="stmt" />
				<line num="153"  count="3"  type="stmt" />
				<line num="154"  count="3"  type="stmt" />
				<line num="155"  count="3"  type="stmt" />
				<line num="156"  count="13"  type="cond"  truecount="5"  falsecount="0" />
				<line num="157"  count="3"  type="stmt" />
				<line num="158"  count="3"  type="stmt" />
				<line num="162"  count="3"  type="stmt" />
				<line num="170"  count="14"  type="stmt" />
				<line num="171"  count="14"  type="stmt" />
				<line num="172"  count="14"  type="stmt" />
				<line num="173"  count="14"  type="stmt" />
				<line num="174"  count="14"  type="cond"  truecount="2"  falsecount="0" />
				<line num="175"  count="2"  type="cond"  truecount="1"  falsecount="1" />
				<line num="176"  count="12"  type="cond"  truecount="2"  falsecount="0" />
				<line num="177"  count="7"  type="stmt" />
				<line num="179"  count="5"  type="stmt" />
				<line num="181"  count="14"  type="stmt" />
				<line num="182"  count="14"  type="stmt" />
				<line num="186"  count="62"  type="stmt" />
				<line num="187"  count="62"  type="stmt" />
				<line num="188"  count="193"  type="stmt" />
				<line num="189"  count="193"  type="cond"  truecount="4"  falsecount="0" />
				<line num="190"  count="178"  type="cond"  truecount="2"  falsecount="0" />
				<line num="191"  count="47"  type="stmt" />
				<line num="192"  count="47"  type="stmt" />
				<line num="196"  count="62"  type="stmt" />
				<line num="197"  count="62"  type="cond"  truecount="2"  falsecount="0" />
				<line num="198"  count="15"  type="stmt" />
				<line num="199"  count="69"  type="cond"  truecount="2"  falsecount="0" />
				<line num="201"  count="15"  type="cond"  truecount="2"  falsecount="0" />
				<line num="202"  count="12"  type="stmt" />
				<line num="207"  count="3"  type="cond"  truecount="1"  falsecount="1" />
				<line num="208"  count="3"  type="stmt" />
				<line num="214"  count="47"  type="stmt" />
				<line num="215"  count="219"  type="cond"  truecount="2"  falsecount="0" />
				<line num="218"  count="62"  type="stmt" />
			</file>
		</package>
	</project>
</coverage>
