{
"/home/myles/Documents/score-fluent/src/client/logic/libs/alt.js":{"path":"/home/myles/Documents/score-fluent/src/client/logic/libs/alt.js","s":{"1":1,"2":1,"3":1,"4":1,"5":1,"6":1,"7":1,"8":1},"b":{"1":[0,1],"2":[1,1]},"f":{"1":1},"fnMap":{"1":{"name":"_interopRequireDefault","line":1,"loc":{"start":{"line":1,"column":221},"end":{"line":1,"column":258}}}},"statementMap":{"1":{"start":{"line":1,"column":39},"end":{"line":1,"column":101},"skip":true},"2":{"start":{"line":1,"column":101},"end":{"line":1,"column":153}},"3":{"start":{"line":1,"column":180},"end":{"line":1,"column":221}},"4":{"start":{"line":1,"column":221},"end":{"line":1,"column":314}},"5":{"start":{"line":1,"column":259},"end":{"line":1,"column":313}},"6":{"start":{"line":3,"column":0},"end":{"line":3,"column":56}},"7":{"start":{"line":4,"column":26},"end":{"line":4,"column":58}},"8":{"start":{"line":4,"column":85},"end":{"line":6,"column":4}}},"branchMap":{"1":{"line":1,"type":"cond-expr","locations":[{"start":{"line":1,"column":290},"end":{"line":1,"column":293}},{"start":{"line":1,"column":296},"end":{"line":1,"column":312}}]},"2":{"line":1,"type":"binary-expr","locations":[{"start":{"line":1,"column":266},"end":{"line":1,"column":269}},{"start":{"line":1,"column":273},"end":{"line":1,"column":287}}]}},"l":{"1":1,"3":1,"4":1}},
"/home/myles/Documents/score-fluent/src/client/logic/actions/__mocks__/MenuActions.js":{"path":"/home/myles/Documents/score-fluent/src/client/logic/actions/__mocks__/MenuActions.js","s":{"1":1,"2":1,"3":1,"4":1,"5":1,"6":1,"7":1},"b":{"1":[1,0],"2":[1,1]},"f":{"1":1},"fnMap":{"1":{"name":"_interopRequireDefault","line":3,"loc":{"start":{"line":3,"column":131},"end":{"line":3,"column":168}}}},"statementMap":{"1":{"start":{"line":1,"column":39},"end":{"line":1,"column":69},"skip":true},"2":{"start":{"line":1,"column":96},"end":{"line":1,"column":158}},"3":{"start":{"line":3,"column":0},"end":{"line":3,"column":63}},"4":{"start":{"line":3,"column":90},"end":{"line":3,"column":131}},"5":{"start":{"line":3,"column":131},"end":{"line":3,"column":224}},"6":{"start":{"line":3,"column":169},"end":{"line":3,"column":223}},"7":{"start":{"line":3,"column":224},"end":{"line":5,"column":64}}},"branchMap":{"1":{"line":3,"type":"cond-expr","locations":[{"start":{"line":3,"column":200},"end":{"line":3,"column":203}},{"start":{"line":3,"column":206},"end":{"line":3,"column":222}}]},"2":{"line":3,"type":"binary-expr","locations":[{"start":{"line":3,"column":176},"end":{"line":3,"column":179}},{"start":{"line":3,"column":183},"end":{"line":3,"column":197}}]}},"l":{"1":1,"3":1}},
"/home/myles/Documents/score-fluent/src/client/logic/stores/MenuStore.js":{"path":"/home/myles/Documents/score-fluent/src/client/logic/stores/MenuStore.js","s":{"1":1,"2":1,"3":1,"4":0,"5":0,"6":0,"7":0,"8":0,"9":0,"10":1,"11":1,"12":0,"13":0,"14":0,"15":0,"16":0,"17":0,"18":0,"19":0,"20":0,"21":0,"22":0,"23":0,"24":0,"25":0,"26":0,"27":0,"28":0,"29":1,"30":0,"31":0,"32":0,"33":0,"34":0,"35":1,"36":1,"37":1,"38":13,"39":13,"40":13,"41":13,"42":13,"43":13,"44":1,"45":1,"46":1,"47":1,"48":0,"49":1,"50":1,"51":1,"52":1,"53":1,"54":1,"55":1,"56":1,"57":3,"58":1,"59":1,"60":0,"61":1,"62":1,"63":1,"64":1,"65":1,"66":1,"67":1,"68":1,"69":1,"70":1,"71":1,"72":1,"73":1,"74":1,"75":0,"76":0,"77":0,"78":0,"79":0,"80":0,"81":0,"82":0,"83":0,"84":0,"85":0,"86":0,"87":0,"88":0,"89":0,"90":0,"91":0,"92":0,"93":0,"94":0,"95":0,"96":0,"97":0,"98":0,"99":0,"100":0,"101":0,"102":0,"103":0,"104":0,"105":0,"106":0,"107":0,"108":0,"109":1,"110":1,"111":1,"112":1,"113":5,"114":4,"115":1,"116":0,"117":1,"118":0,"119":0,"120":0,"121":1,"122":1},"b":{"1":[1,0],"2":[0,0],"3":[0,0],"4":[0,0],"5":[0,0],"6":[0,0],"7":[0,0],"8":[0,0],"9":[0,0],"10":[13,13],"11":[13,0],"12":[1,0],"13":[0,1],"14":[2,1],"15":[3,3],"16":[0,1],"17":[1,0],"18":[0,0,0,0,0],"19":[0,0],"20":[0,0],"21":[0,1],"22":[0,1]},"f":{"1":0,"2":1,"3":0,"4":0,"5":1,"6":1,"7":1,"8":3,"9":1,"10":1,"11":1,"12":1,"13":0,"14":0,"15":0,"16":0,"17":0,"18":0,"19":0,"20":0,"21":0,"22":0,"23":0,"24":0,"25":1,"26":1,"27":5,"28":4,"29":0,"30":1,"31":0,"32":0,"33":0},"fnMap":{"1":{"name":"(anonymous_1)","line":1,"loc":{"start":{"line":1,"column":172},"end":{"line":1,"column":190}}},"2":{"name":"(anonymous_2)","line":1,"loc":{"start":{"line":1,"column":408},"end":{"line":1,"column":420}}},"3":{"name":"sliceIterator","line":1,"loc":{"start":{"line":1,"column":421},"end":{"line":1,"column":452}}},"4":{"name":"(anonymous_4)","line":1,"loc":{"start":{"line":1,"column":800},"end":{"line":1,"column":818}}},"5":{"name":"(anonymous_5)","line":1,"loc":{"start":{"line":1,"column":1038},"end":{"line":1,"column":1050}}},"6":{"name":"defineProperties","line":1,"loc":{"start":{"line":1,"column":1051},"end":{"line":1,"column":1092}}},"7":{"name":"(anonymous_7)","line":1,"loc":{"start":{"line":1,"column":1366},"end":{"line":1,"column":1414}}},"8":{"name":"_interopRequireDefault","line":4,"loc":{"start":{"line":4,"column":163},"end":{"line":4,"column":200}}},"9":{"name":"_classCallCheck","line":4,"loc":{"start":{"line":4,"column":256},"end":{"line":4,"column":304}}},"10":{"name":"(anonymous_10)","line":6,"loc":{"start":{"line":6,"column":50},"end":{"line":6,"column":62}}},"11":{"name":"UnwrappedMenuStore","line":8,"loc":{"start":{"line":8,"column":2},"end":{"line":8,"column":58}}},"12":{"name":"init","line":24,"loc":{"start":{"line":24,"column":58},"end":{"line":25,"column":13}}},"13":{"name":"registerLoginSuccess","line":27,"loc":{"start":{"line":27,"column":74},"end":{"line":30,"column":13}}},"14":{"name":"btnClick","line":31,"loc":{"start":{"line":31,"column":68},"end":{"line":34,"column":4}}},"15":{"name":"chooseOption","line":50,"loc":{"start":{"line":50,"column":52},"end":{"line":54,"column":12}}},"16":{"name":"(anonymous_16)","line":55,"loc":{"start":{"line":55,"column":40},"end":{"line":55,"column":82}}},"17":{"name":"(anonymous_17)","line":57,"loc":{"start":{"line":57,"column":35},"end":{"line":57,"column":51}}},"18":{"name":"(anonymous_18)","line":61,"loc":{"start":{"line":61,"column":19},"end":{"line":61,"column":31}}},"19":{"name":"toggleOption","line":65,"loc":{"start":{"line":65,"column":78},"end":{"line":69,"column":12}}},"20":{"name":"(anonymous_20)","line":70,"loc":{"start":{"line":70,"column":33},"end":{"line":70,"column":49}}},"21":{"name":"submitOptions","line":73,"loc":{"start":{"line":73,"column":74},"end":{"line":76,"column":4}}},"22":{"name":"_optionsChanged","line":83,"loc":{"start":{"line":83,"column":38},"end":{"line":84,"column":4}}},"23":{"name":"(anonymous_23)","line":85,"loc":{"start":{"line":85,"column":41},"end":{"line":85,"column":83}}},"24":{"name":"(anonymous_24)","line":85,"loc":{"start":{"line":85,"column":113},"end":{"line":85,"column":155}}},"25":{"name":"_animateMenu","line":91,"loc":{"start":{"line":91,"column":35},"end":{"line":91,"column":86}}},"26":{"name":"(anonymous_26)","line":93,"loc":{"start":{"line":93,"column":17},"end":{"line":93,"column":29}}},"27":{"name":"(anonymous_27)","line":94,"loc":{"start":{"line":94,"column":43},"end":{"line":94,"column":85}}},"28":{"name":"(anonymous_28)","line":94,"loc":{"start":{"line":94,"column":115},"end":{"line":94,"column":157}}},"29":{"name":"_setLoggedOutMenu","line":112,"loc":{"start":{"line":112,"column":40},"end":{"line":113,"column":4}}},"30":{"name":"_setLoggedInMenu","line":119,"loc":{"start":{"line":119,"column":87},"end":{"line":123,"column":13}}},"31":{"name":"_setModeMenu","line":129,"loc":{"start":{"line":129,"column":79},"end":{"line":133,"column":13}}},"32":{"name":"_setClefsMenu","line":148,"loc":{"start":{"line":148,"column":50},"end":{"line":151,"column":13}}},"33":{"name":"_setDifficultyMenu","line":191,"loc":{"start":{"line":191,"column":41},"end":{"line":192,"column":13}}}},"statementMap":{"1":{"start":{"line":1,"column":39},"end":{"line":1,"column":101},"skip":true},"2":{"start":{"line":1,"column":101},"end":{"line":1,"column":140}},"3":{"start":{"line":1,"column":140},"end":{"line":1,"column":387}},"4":{"start":{"line":1,"column":191},"end":{"line":1,"column":371}},"5":{"start":{"line":1,"column":235},"end":{"line":1,"column":261}},"6":{"start":{"line":1,"column":261},"end":{"line":1,"column":370}},"7":{"start":{"line":1,"column":286},"end":{"line":1,"column":369}},"8":{"start":{"line":1,"column":342},"end":{"line":1,"column":368}},"9":{"start":{"line":1,"column":371},"end":{"line":1,"column":385}},"10":{"start":{"line":1,"column":387},"end":{"line":1,"column":1019}},"11":{"start":{"line":1,"column":421},"end":{"line":1,"column":793}},"12":{"start":{"line":1,"column":453},"end":{"line":1,"column":467}},"13":{"start":{"line":1,"column":467},"end":{"line":1,"column":481}},"14":{"start":{"line":1,"column":481},"end":{"line":1,"column":496}},"15":{"start":{"line":1,"column":496},"end":{"line":1,"column":515}},"16":{"start":{"line":1,"column":515},"end":{"line":1,"column":780}},"17":{"start":{"line":1,"column":520},"end":{"line":1,"column":660}},"18":{"start":{"line":1,"column":605},"end":{"line":1,"column":625}},"19":{"start":{"line":1,"column":625},"end":{"line":1,"column":659}},"20":{"start":{"line":1,"column":653},"end":{"line":1,"column":659}},"21":{"start":{"line":1,"column":675},"end":{"line":1,"column":685}},"22":{"start":{"line":1,"column":685},"end":{"line":1,"column":694}},"23":{"start":{"line":1,"column":705},"end":{"line":1,"column":779}},"24":{"start":{"line":1,"column":710},"end":{"line":1,"column":750}},"25":{"start":{"line":1,"column":735},"end":{"line":1,"column":750}},"26":{"start":{"line":1,"column":761},"end":{"line":1,"column":778}},"27":{"start":{"line":1,"column":769},"end":{"line":1,"column":778}},"28":{"start":{"line":1,"column":780},"end":{"line":1,"column":792}},"29":{"start":{"line":1,"column":793},"end":{"line":1,"column":1015}},"30":{"start":{"line":1,"column":819},"end":{"line":1,"column":1013}},"31":{"start":{"line":1,"column":844},"end":{"line":1,"column":855}},"32":{"start":{"line":1,"column":862},"end":{"line":1,"column":1013}},"33":{"start":{"line":1,"column":899},"end":{"line":1,"column":928}},"34":{"start":{"line":1,"column":936},"end":{"line":1,"column":1012}},"35":{"start":{"line":1,"column":1019},"end":{"line":1,"column":1568}},"36":{"start":{"line":1,"column":1051},"end":{"line":1,"column":1359}},"37":{"start":{"line":1,"column":1093},"end":{"line":1,"column":1358}},"38":{"start":{"line":1,"column":1133},"end":{"line":1,"column":1159}},"39":{"start":{"line":1,"column":1159},"end":{"line":1,"column":1214}},"40":{"start":{"line":1,"column":1214},"end":{"line":1,"column":1245}},"41":{"start":{"line":1,"column":1245},"end":{"line":1,"column":1299}},"42":{"start":{"line":1,"column":1272},"end":{"line":1,"column":1299}},"43":{"start":{"line":1,"column":1299},"end":{"line":1,"column":1357}},"44":{"start":{"line":1,"column":1359},"end":{"line":1,"column":1564}},"45":{"start":{"line":1,"column":1415},"end":{"line":1,"column":1483}},"46":{"start":{"line":1,"column":1431},"end":{"line":1,"column":1483}},"47":{"start":{"line":1,"column":1483},"end":{"line":1,"column":1543}},"48":{"start":{"line":1,"column":1500},"end":{"line":1,"column":1543}},"49":{"start":{"line":1,"column":1543},"end":{"line":1,"column":1562}},"50":{"start":{"line":1,"column":1568},"end":{"line":1,"column":1628}},"51":{"start":{"line":1,"column":1655},"end":{"line":1,"column":1696}},"52":{"start":{"line":2,"column":0},"end":{"line":2,"column":58}},"53":{"start":{"line":2,"column":85},"end":{"line":2,"column":132}},"54":{"start":{"line":4,"column":0},"end":{"line":4,"column":79}},"55":{"start":{"line":4,"column":106},"end":{"line":4,"column":163}},"56":{"start":{"line":4,"column":163},"end":{"line":4,"column":256}},"57":{"start":{"line":4,"column":201},"end":{"line":4,"column":255}},"58":{"start":{"line":4,"column":256},"end":{"line":4,"column":405}},"59":{"start":{"line":4,"column":305},"end":{"line":4,"column":404}},"60":{"start":{"line":4,"column":346},"end":{"line":4,"column":403}},"61":{"start":{"line":4,"column":405},"end":{"line":213,"column":56}},"62":{"start":{"line":8,"column":2},"end":{"line":18,"column":34}},"63":{"start":{"line":8,"column":85},"end":{"line":8,"column":127}},"64":{"start":{"line":9,"column":4},"end":{"line":9,"column":71}},"65":{"start":{"line":11,"column":4},"end":{"line":11,"column":24}},"66":{"start":{"line":12,"column":4},"end":{"line":12,"column":20}},"67":{"start":{"line":13,"column":4},"end":{"line":13,"column":29}},"68":{"start":{"line":14,"column":4},"end":{"line":14,"column":30}},"69":{"start":{"line":15,"column":4},"end":{"line":15,"column":25}},"70":{"start":{"line":17,"column":4},"end":{"line":17,"column":26}},"71":{"start":{"line":18,"column":4},"end":{"line":18,"column":33}},"72":{"start":{"line":24,"column":2},"end":{"line":213,"column":26}},"73":{"start":{"line":26,"column":6},"end":{"line":27,"column":31}},"74":{"start":{"line":26,"column":19},"end":{"line":26,"column":50}},"75":{"start":{"line":27,"column":6},"end":{"line":27,"column":31}},"76":{"start":{"line":31,"column":6},"end":{"line":31,"column":37}},"77":{"start":{"line":34,"column":31},"end":{"line":34,"column":67}},"78":{"start":{"line":34,"column":67},"end":{"line":34,"column":90}},"79":{"start":{"line":34,"column":117},"end":{"line":34,"column":143}},"80":{"start":{"line":35,"column":6},"end":{"line":50,"column":17}},"81":{"start":{"line":37,"column":10},"end":{"line":37,"column":35}},"82":{"start":{"line":38,"column":10},"end":{"line":38,"column":16}},"83":{"start":{"line":40,"column":10},"end":{"line":40,"column":40}},"84":{"start":{"line":41,"column":10},"end":{"line":41,"column":16}},"85":{"start":{"line":43,"column":10},"end":{"line":43,"column":41}},"86":{"start":{"line":44,"column":10},"end":{"line":44,"column":16}},"87":{"start":{"line":46,"column":10},"end":{"line":46,"column":46}},"88":{"start":{"line":47,"column":10},"end":{"line":47,"column":16}},"89":{"start":{"line":49,"column":10},"end":{"line":49,"column":60}},"90":{"start":{"line":50,"column":10},"end":{"line":50,"column":16}},"91":{"start":{"line":54,"column":39},"end":{"line":54,"column":56}},"92":{"start":{"line":55,"column":6},"end":{"line":55,"column":110}},"93":{"start":{"line":55,"column":83},"end":{"line":55,"column":102},"skip":true},"94":{"start":{"line":56,"column":6},"end":{"line":65,"column":43}},"95":{"start":{"line":57,"column":8},"end":{"line":58,"column":101}},"96":{"start":{"line":58,"column":10},"end":{"line":58,"column":98}},"97":{"start":{"line":60,"column":8},"end":{"line":60,"column":40}},"98":{"start":{"line":61,"column":8},"end":{"line":63,"column":13}},"99":{"start":{"line":62,"column":36},"end":{"line":62,"column":99}},"100":{"start":{"line":65,"column":8},"end":{"line":65,"column":42}},"101":{"start":{"line":70,"column":6},"end":{"line":71,"column":128}},"102":{"start":{"line":71,"column":8},"end":{"line":71,"column":125}},"103":{"start":{"line":73,"column":6},"end":{"line":73,"column":38}},"104":{"start":{"line":77,"column":6},"end":{"line":77,"column":40}},"105":{"start":{"line":85,"column":6},"end":{"line":85,"column":178}},"106":{"start":{"line":85,"column":84},"end":{"line":85,"column":106},"skip":true},"107":{"start":{"line":85,"column":156},"end":{"line":85,"column":175},"skip":true},"108":{"start":{"line":86,"column":6},"end":{"line":86,"column":100}},"109":{"start":{"line":91,"column":113},"end":{"line":91,"column":131}},"110":{"start":{"line":92,"column":6},"end":{"line":92,"column":35}},"111":{"start":{"line":93,"column":6},"end":{"line":103,"column":30}},"112":{"start":{"line":94,"column":8},"end":{"line":94,"column":180}},"113":{"start":{"line":94,"column":86},"end":{"line":94,"column":108},"skip":true},"114":{"start":{"line":94,"column":158},"end":{"line":94,"column":177},"skip":true},"115":{"start":{"line":95,"column":34},"end":{"line":101,"column":30}},"116":{"start":{"line":114,"column":6},"end":{"line":119,"column":48}},"117":{"start":{"line":124,"column":6},"end":{"line":129,"column":44}},"118":{"start":{"line":134,"column":6},"end":{"line":148,"column":14}},"119":{"start":{"line":152,"column":6},"end":{"line":178,"column":21}},"120":{"start":{"line":193,"column":6},"end":{"line":213,"column":20}},"121":{"start":{"line":213,"column":26},"end":{"line":213,"column":52}},"122":{"start":{"line":213,"column":83},"end":{"line":217,"column":85}}},"branchMap":{"1":{"line":1,"type":"binary-expr","locations":[{"start":{"line":1,"column":155},"end":{"line":1,"column":168}},{"start":{"line":1,"column":172},"end":{"line":1,"column":386}}]},"2":{"line":1,"type":"if","locations":[{"start":{"line":1,"column":286},"end":{"line":1,"column":286}},{"start":{"line":1,"column":286},"end":{"line":1,"column":286}}]},"3":{"line":1,"type":"if","locations":[{"start":{"line":1,"column":625},"end":{"line":1,"column":625}},{"start":{"line":1,"column":625},"end":{"line":1,"column":625}}]},"4":{"line":1,"type":"binary-expr","locations":[{"start":{"line":1,"column":629},"end":{"line":1,"column":630}},{"start":{"line":1,"column":634},"end":{"line":1,"column":651}}]},"5":{"line":1,"type":"if","locations":[{"start":{"line":1,"column":710},"end":{"line":1,"column":710}},{"start":{"line":1,"column":710},"end":{"line":1,"column":710}}]},"6":{"line":1,"type":"binary-expr","locations":[{"start":{"line":1,"column":714},"end":{"line":1,"column":717}},{"start":{"line":1,"column":721},"end":{"line":1,"column":733}}]},"7":{"line":1,"type":"if","locations":[{"start":{"line":1,"column":761},"end":{"line":1,"column":761}},{"start":{"line":1,"column":761},"end":{"line":1,"column":761}}]},"8":{"line":1,"type":"if","locations":[{"start":{"line":1,"column":819},"end":{"line":1,"column":819}},{"start":{"line":1,"column":819},"end":{"line":1,"column":819}}]},"9":{"line":1,"type":"if","locations":[{"start":{"line":1,"column":862},"end":{"line":1,"column":862}},{"start":{"line":1,"column":862},"end":{"line":1,"column":862}}]},"10":{"line":1,"type":"binary-expr","locations":[{"start":{"line":1,"column":1183},"end":{"line":1,"column":1204}},{"start":{"line":1,"column":1208},"end":{"line":1,"column":1213}}]},"11":{"line":1,"type":"if","locations":[{"start":{"line":1,"column":1245},"end":{"line":1,"column":1245}},{"start":{"line":1,"column":1245},"end":{"line":1,"column":1245}}]},"12":{"line":1,"type":"if","locations":[{"start":{"line":1,"column":1415},"end":{"line":1,"column":1415}},{"start":{"line":1,"column":1415},"end":{"line":1,"column":1415}}]},"13":{"line":1,"type":"if","locations":[{"start":{"line":1,"column":1483},"end":{"line":1,"column":1483}},{"start":{"line":1,"column":1483},"end":{"line":1,"column":1483}}]},"14":{"line":4,"type":"cond-expr","locations":[{"start":{"line":4,"column":232},"end":{"line":4,"column":235}},{"start":{"line":4,"column":238},"end":{"line":4,"column":254}}]},"15":{"line":4,"type":"binary-expr","locations":[{"start":{"line":4,"column":208},"end":{"line":4,"column":211}},{"start":{"line":4,"column":215},"end":{"line":4,"column":229}}]},"16":{"line":4,"type":"if","locations":[{"start":{"line":4,"column":305},"end":{"line":4,"column":305}},{"start":{"line":4,"column":305},"end":{"line":4,"column":305}}]},"17":{"line":26,"type":"if","locations":[{"start":{"line":26,"column":6},"end":{"line":26,"column":6}},{"start":{"line":26,"column":6},"end":{"line":26,"column":6}}]},"18":{"line":35,"type":"switch","locations":[{"start":{"line":36,"column":8},"end":{"line":38,"column":16}},{"start":{"line":39,"column":8},"end":{"line":41,"column":16}},{"start":{"line":42,"column":8},"end":{"line":44,"column":16}},{"start":{"line":45,"column":8},"end":{"line":47,"column":16}},{"start":{"line":48,"column":8},"end":{"line":50,"column":16}}]},"19":{"line":56,"type":"if","locations":[{"start":{"line":56,"column":6},"end":{"line":56,"column":6}},{"start":{"line":56,"column":6},"end":{"line":56,"column":6}}]},"20":{"line":71,"type":"cond-expr","locations":[{"start":{"line":71,"column":94},"end":{"line":71,"column":106}},{"start":{"line":71,"column":109},"end":{"line":71,"column":120}}]},"21":{"line":98,"type":"cond-expr","locations":[{"start":{"line":98,"column":61},"end":{"line":98,"column":73}},{"start":{"line":98,"column":76},"end":{"line":98,"column":78}}]},"22":{"line":100,"type":"cond-expr","locations":[{"start":{"line":100,"column":41},"end":{"line":100,"column":56}},{"start":{"line":100,"column":59},"end":{"line":100,"column":61}}]}},"l":{"1":13,"2":1,"4":3,"8":1,"9":1,"11":1,"12":1,"13":1,"14":1,"15":1,"17":1,"18":1,"24":1,"26":1,"27":0,"31":0,"34":0,"35":0,"37":0,"38":0,"40":0,"41":0,"43":0,"44":0,"46":0,"47":0,"49":0,"50":0,"54":0,"55":1,"56":0,"57":0,"58":0,"60":0,"61":0,"62":0,"65":0,"70":0,"71":0,"73":0,"77":0,"85":1,"86":0,"91":1,"92":1,"93":1,"94":5,"95":1,"114":0,"124":1,"134":0,"152":0,"193":0,"213":1}}}
