{
"/home/myles/Documents/score-fluent/src/client/logic/libs/alt.js":{"path":"/home/myles/Documents/score-fluent/src/client/logic/libs/alt.js","s":{"1":17,"2":17,"3":17,"4":4,"5":17,"6":17,"7":17,"8":17},"b":{"1":[0,17],"2":[17,17]},"f":{"1":17},"fnMap":{"1":{"name":"_interopRequireDefault","line":1,"loc":{"start":{"line":1,"column":221},"end":{"line":1,"column":258}}}},"statementMap":{"1":{"start":{"line":1,"column":39},"end":{"line":1,"column":101},"skip":true},"2":{"start":{"line":1,"column":101},"end":{"line":1,"column":153}},"3":{"start":{"line":1,"column":180},"end":{"line":1,"column":221}},"4":{"start":{"line":1,"column":221},"end":{"line":1,"column":314}},"5":{"start":{"line":1,"column":259},"end":{"line":1,"column":313}},"6":{"start":{"line":3,"column":0},"end":{"line":3,"column":56}},"7":{"start":{"line":4,"column":26},"end":{"line":4,"column":58}},"8":{"start":{"line":4,"column":85},"end":{"line":6,"column":4}}},"branchMap":{"1":{"line":1,"type":"cond-expr","locations":[{"start":{"line":1,"column":290},"end":{"line":1,"column":293}},{"start":{"line":1,"column":296},"end":{"line":1,"column":312}}]},"2":{"line":1,"type":"binary-expr","locations":[{"start":{"line":1,"column":266},"end":{"line":1,"column":269}},{"start":{"line":1,"column":273},"end":{"line":1,"column":287}}]}},"l":{"1":17,"3":17,"4":17}},
"/home/myles/Documents/score-fluent/src/client/logic/actions/ModalActions.js":{"path":"/home/myles/Documents/score-fluent/src/client/logic/actions/ModalActions.js","s":{"1":3,"2":3,"3":3,"4":3,"5":3,"6":3,"7":3,"8":0,"9":3,"10":3,"11":3,"12":3},"b":{"1":[3,0],"2":[3,3],"3":[0,3]},"f":{"1":3,"2":3,"3":3},"fnMap":{"1":{"name":"_interopRequireDefault","line":1,"loc":{"start":{"line":1,"column":229},"end":{"line":1,"column":266}}},"2":{"name":"_classCallCheck","line":1,"loc":{"start":{"line":1,"column":322},"end":{"line":1,"column":370}}},"3":{"name":"ModalActions","line":4,"loc":{"start":{"line":4,"column":0},"end":{"line":4,"column":50}}}},"statementMap":{"1":{"start":{"line":1,"column":39},"end":{"line":1,"column":101},"skip":true},"2":{"start":{"line":1,"column":101},"end":{"line":1,"column":161}},"3":{"start":{"line":1,"column":188},"end":{"line":1,"column":229}},"4":{"start":{"line":1,"column":229},"end":{"line":1,"column":322}},"5":{"start":{"line":1,"column":267},"end":{"line":1,"column":321}},"6":{"start":{"line":1,"column":322},"end":{"line":1,"column":471}},"7":{"start":{"line":1,"column":371},"end":{"line":1,"column":470}},"8":{"start":{"line":1,"column":412},"end":{"line":1,"column":469}},"9":{"start":{"line":1,"column":471},"end":{"line":10,"column":25}},"10":{"start":{"line":4,"column":77},"end":{"line":4,"column":113}},"11":{"start":{"line":5,"column":2},"end":{"line":10,"column":23}},"12":{"start":{"line":10,"column":52},"end":{"line":15,"column":68}}},"branchMap":{"1":{"line":1,"type":"cond-expr","locations":[{"start":{"line":1,"column":298},"end":{"line":1,"column":301}},{"start":{"line":1,"column":304},"end":{"line":1,"column":320}}]},"2":{"line":1,"type":"binary-expr","locations":[{"start":{"line":1,"column":274},"end":{"line":1,"column":277}},{"start":{"line":1,"column":281},"end":{"line":1,"column":295}}]},"3":{"line":1,"type":"if","locations":[{"start":{"line":1,"column":371},"end":{"line":1,"column":371}},{"start":{"line":1,"column":371},"end":{"line":1,"column":371}}]}},"l":{"1":3,"4":3,"5":3,"10":3}},
"/home/myles/Documents/score-fluent/src/client/logic/stores/ModalStore.js":{"path":"/home/myles/Documents/score-fluent/src/client/logic/stores/ModalStore.js","s":{"1":3,"2":3,"3":3,"4":0,"5":0,"6":0,"7":0,"8":0,"9":0,"10":0,"11":0,"12":0,"13":0,"14":0,"15":0,"16":0,"17":0,"18":0,"19":0,"20":0,"21":3,"22":45,"23":45,"24":0,"25":0,"26":0,"27":3,"28":3,"29":3,"30":21,"31":21,"32":21,"33":21,"34":21,"35":21,"36":3,"37":3,"38":3,"39":3,"40":0,"41":3,"42":3,"43":3,"44":3,"45":3,"46":3,"47":3,"48":3,"49":9,"50":3,"51":3,"52":0,"53":3,"54":3,"55":3,"56":3,"57":3,"58":3,"59":3,"60":3,"61":3,"62":3,"63":3,"64":3,"65":3,"66":0,"67":3,"68":3,"69":3,"70":3,"71":1,"72":2,"73":2,"74":45,"75":45,"76":45,"77":45,"78":45,"79":45,"80":45,"81":45,"82":45,"83":39,"84":0,"85":39,"86":10,"87":29,"88":17,"89":45,"90":14,"91":45,"92":45,"93":3,"94":3,"95":3,"96":13,"97":3,"98":3,"99":3,"100":14,"101":14,"102":14,"103":14,"104":14,"105":2,"106":0,"107":12,"108":7,"109":5,"110":14,"111":14,"112":62,"113":62,"114":193,"115":193,"116":178,"117":47,"118":47,"119":62,"120":62,"121":15,"122":69,"123":15,"124":15,"125":12,"126":3,"127":3,"128":47,"129":219,"130":47,"131":62,"132":3,"133":3},"b":{"1":[0,0],"2":[0,0],"3":[0,0],"4":[0,0],"5":[0,0],"6":[45,0],"7":[0,0],"8":[21,21],"9":[21,0],"10":[3,0],"11":[0,3],"12":[6,3],"13":[9,9],"14":[0,3],"15":[39,6],"16":[0,39],"17":[39,0],"18":[10,29],"19":[39,39,17],"20":[17,12],"21":[29,22],"22":[14,31],"23":[45,32,19],"24":[3,10],"25":[13,8,10],"26":[2,12],"27":[0,2],"28":[7,5],"29":[178,15],"30":[193,84],"31":[47,131],"32":[15,47],"33":[15,54],"34":[12,3],"35":[3,0],"36":[47,172]},"f":{"1":3,"2":0,"3":45,"4":3,"5":3,"6":3,"7":9,"8":3,"9":3,"10":3,"11":0,"12":3,"13":1,"14":2,"15":2,"16":45,"17":3,"18":3,"19":13,"20":14,"21":62,"22":69,"23":219},"fnMap":{"1":{"name":"(anonymous_1)","line":1,"loc":{"start":{"line":1,"column":122},"end":{"line":1,"column":134}}},"2":{"name":"sliceIterator","line":1,"loc":{"start":{"line":1,"column":135},"end":{"line":1,"column":166}}},"3":{"name":"(anonymous_3)","line":1,"loc":{"start":{"line":1,"column":514},"end":{"line":1,"column":532}}},"4":{"name":"(anonymous_4)","line":1,"loc":{"start":{"line":1,"column":752},"end":{"line":1,"column":764}}},"5":{"name":"defineProperties","line":1,"loc":{"start":{"line":1,"column":765},"end":{"line":1,"column":806}}},"6":{"name":"(anonymous_6)","line":1,"loc":{"start":{"line":1,"column":1080},"end":{"line":1,"column":1128}}},"7":{"name":"_interopRequireDefault","line":4,"loc":{"start":{"line":4,"column":167},"end":{"line":4,"column":204}}},"8":{"name":"_classCallCheck","line":4,"loc":{"start":{"line":4,"column":260},"end":{"line":4,"column":308}}},"9":{"name":"(anonymous_9)","line":6,"loc":{"start":{"line":6,"column":13},"end":{"line":6,"column":25}}},"10":{"name":"ModalStore","line":8,"loc":{"start":{"line":8,"column":2},"end":{"line":8,"column":50}}},"11":{"name":"getAuthBody","line":20,"loc":{"start":{"line":20,"column":19},"end":{"line":20,"column":68}}},"12":{"name":"close","line":28,"loc":{"start":{"line":28,"column":51},"end":{"line":29,"column":4}}},"13":{"name":"(anonymous_13)","line":31,"loc":{"start":{"line":31,"column":17},"end":{"line":31,"column":29}}},"14":{"name":"register","line":39,"loc":{"start":{"line":39,"column":58},"end":{"line":42,"column":4}}},"15":{"name":"login","line":86,"loc":{"start":{"line":86,"column":69},"end":{"line":92,"column":4}}},"16":{"name":"updateFormValidation","line":117,"loc":{"start":{"line":117,"column":75},"end":{"line":123,"column":4}}},"17":{"name":"registerLoginFail","line":150,"loc":{"start":{"line":150,"column":66},"end":{"line":153,"column":19}}},"18":{"name":"(anonymous_18)","line":154,"loc":{"start":{"line":154,"column":28},"end":{"line":154,"column":43}}},"19":{"name":"(anonymous_19)","line":155,"loc":{"start":{"line":155,"column":59},"end":{"line":155,"column":75}}},"20":{"name":"_validatePasswordConfirm","line":168,"loc":{"start":{"line":168,"column":47},"end":{"line":169,"column":4}}},"21":{"name":"_updateValid","line":182,"loc":{"start":{"line":182,"column":61},"end":{"line":185,"column":4}}},"22":{"name":"(anonymous_22)","line":198,"loc":{"start":{"line":198,"column":72},"end":{"line":198,"column":87}}},"23":{"name":"(anonymous_23)","line":214,"loc":{"start":{"line":214,"column":72},"end":{"line":214,"column":87}}}},"statementMap":{"1":{"start":{"line":1,"column":39},"end":{"line":1,"column":101},"skip":true},"2":{"start":{"line":1,"column":101},"end":{"line":1,"column":733}},"3":{"start":{"line":1,"column":135},"end":{"line":1,"column":507}},"4":{"start":{"line":1,"column":167},"end":{"line":1,"column":181}},"5":{"start":{"line":1,"column":181},"end":{"line":1,"column":195}},"6":{"start":{"line":1,"column":195},"end":{"line":1,"column":210}},"7":{"start":{"line":1,"column":210},"end":{"line":1,"column":229}},"8":{"start":{"line":1,"column":229},"end":{"line":1,"column":494}},"9":{"start":{"line":1,"column":234},"end":{"line":1,"column":374}},"10":{"start":{"line":1,"column":319},"end":{"line":1,"column":339}},"11":{"start":{"line":1,"column":339},"end":{"line":1,"column":373}},"12":{"start":{"line":1,"column":367},"end":{"line":1,"column":373}},"13":{"start":{"line":1,"column":389},"end":{"line":1,"column":399}},"14":{"start":{"line":1,"column":399},"end":{"line":1,"column":408}},"15":{"start":{"line":1,"column":419},"end":{"line":1,"column":493}},"16":{"start":{"line":1,"column":424},"end":{"line":1,"column":464}},"17":{"start":{"line":1,"column":449},"end":{"line":1,"column":464}},"18":{"start":{"line":1,"column":475},"end":{"line":1,"column":492}},"19":{"start":{"line":1,"column":483},"end":{"line":1,"column":492}},"20":{"start":{"line":1,"column":494},"end":{"line":1,"column":506}},"21":{"start":{"line":1,"column":507},"end":{"line":1,"column":729}},"22":{"start":{"line":1,"column":533},"end":{"line":1,"column":727}},"23":{"start":{"line":1,"column":558},"end":{"line":1,"column":569}},"24":{"start":{"line":1,"column":576},"end":{"line":1,"column":727}},"25":{"start":{"line":1,"column":613},"end":{"line":1,"column":642}},"26":{"start":{"line":1,"column":650},"end":{"line":1,"column":726}},"27":{"start":{"line":1,"column":733},"end":{"line":1,"column":1282}},"28":{"start":{"line":1,"column":765},"end":{"line":1,"column":1073}},"29":{"start":{"line":1,"column":807},"end":{"line":1,"column":1072}},"30":{"start":{"line":1,"column":847},"end":{"line":1,"column":873}},"31":{"start":{"line":1,"column":873},"end":{"line":1,"column":928}},"32":{"start":{"line":1,"column":928},"end":{"line":1,"column":959}},"33":{"start":{"line":1,"column":959},"end":{"line":1,"column":1013}},"34":{"start":{"line":1,"column":986},"end":{"line":1,"column":1013}},"35":{"start":{"line":1,"column":1013},"end":{"line":1,"column":1071}},"36":{"start":{"line":1,"column":1073},"end":{"line":1,"column":1278}},"37":{"start":{"line":1,"column":1129},"end":{"line":1,"column":1197}},"38":{"start":{"line":1,"column":1145},"end":{"line":1,"column":1197}},"39":{"start":{"line":1,"column":1197},"end":{"line":1,"column":1257}},"40":{"start":{"line":1,"column":1214},"end":{"line":1,"column":1257}},"41":{"start":{"line":1,"column":1257},"end":{"line":1,"column":1276}},"42":{"start":{"line":1,"column":1282},"end":{"line":1,"column":1342}},"43":{"start":{"line":1,"column":1369},"end":{"line":1,"column":1410}},"44":{"start":{"line":2,"column":0},"end":{"line":2,"column":58}},"45":{"start":{"line":2,"column":85},"end":{"line":2,"column":132}},"46":{"start":{"line":4,"column":0},"end":{"line":4,"column":81}},"47":{"start":{"line":4,"column":108},"end":{"line":4,"column":167}},"48":{"start":{"line":4,"column":167},"end":{"line":4,"column":260}},"49":{"start":{"line":4,"column":205},"end":{"line":4,"column":259}},"50":{"start":{"line":4,"column":260},"end":{"line":4,"column":409}},"51":{"start":{"line":4,"column":309},"end":{"line":4,"column":408}},"52":{"start":{"line":4,"column":350},"end":{"line":4,"column":407}},"53":{"start":{"line":4,"column":409},"end":{"line":218,"column":86}},"54":{"start":{"line":8,"column":2},"end":{"line":20,"column":125}},"55":{"start":{"line":8,"column":77},"end":{"line":8,"column":94}},"56":{"start":{"line":8,"column":94},"end":{"line":8,"column":128}},"57":{"start":{"line":9,"column":4},"end":{"line":9,"column":72}},"58":{"start":{"line":11,"column":4},"end":{"line":11,"column":24}},"59":{"start":{"line":12,"column":4},"end":{"line":12,"column":22}},"60":{"start":{"line":13,"column":4},"end":{"line":13,"column":30}},"61":{"start":{"line":14,"column":4},"end":{"line":14,"column":24}},"62":{"start":{"line":15,"column":4},"end":{"line":15,"column":24}},"63":{"start":{"line":16,"column":4},"end":{"line":16,"column":23}},"64":{"start":{"line":17,"column":4},"end":{"line":17,"column":23}},"65":{"start":{"line":19,"column":4},"end":{"line":20,"column":124}},"66":{"start":{"line":20,"column":69},"end":{"line":20,"column":119}},"67":{"start":{"line":28,"column":2},"end":{"line":218,"column":64}},"68":{"start":{"line":29,"column":31},"end":{"line":29,"column":49}},"69":{"start":{"line":30,"column":6},"end":{"line":30,"column":36}},"70":{"start":{"line":31,"column":6},"end":{"line":39,"column":27}},"71":{"start":{"line":32,"column":34},"end":{"line":37,"column":26}},"72":{"start":{"line":43,"column":6},"end":{"line":86,"column":41}},"73":{"start":{"line":93,"column":6},"end":{"line":117,"column":32}},"74":{"start":{"line":123,"column":31},"end":{"line":123,"column":67}},"75":{"start":{"line":123,"column":67},"end":{"line":123,"column":94}},"76":{"start":{"line":123,"column":121},"end":{"line":123,"column":140}},"77":{"start":{"line":124,"column":6},"end":{"line":124,"column":122}},"78":{"start":{"line":125,"column":6},"end":{"line":125,"column":41}},"79":{"start":{"line":126,"column":6},"end":{"line":126,"column":19}},"80":{"start":{"line":127,"column":6},"end":{"line":127,"column":20}},"81":{"start":{"line":128,"column":6},"end":{"line":128,"column":26}},"82":{"start":{"line":131,"column":6},"end":{"line":140,"column":42}},"83":{"start":{"line":132,"column":8},"end":{"line":140,"column":41}},"84":{"start":{"line":133,"column":10},"end":{"line":133,"column":38}},"85":{"start":{"line":136,"column":13},"end":{"line":140,"column":41}},"86":{"start":{"line":137,"column":12},"end":{"line":137,"column":40}},"87":{"start":{"line":139,"column":10},"end":{"line":140,"column":41}},"88":{"start":{"line":140,"column":12},"end":{"line":140,"column":40}},"89":{"start":{"line":143,"column":6},"end":{"line":144,"column":41}},"90":{"start":{"line":144,"column":8},"end":{"line":144,"column":40}},"91":{"start":{"line":148,"column":6},"end":{"line":148,"column":37}},"92":{"start":{"line":150,"column":6},"end":{"line":150,"column":26}},"93":{"start":{"line":153,"column":46},"end":{"line":153,"column":64}},"94":{"start":{"line":154,"column":6},"end":{"line":158,"column":50}},"95":{"start":{"line":155,"column":34},"end":{"line":158,"column":47}},"96":{"start":{"line":156,"column":10},"end":{"line":158,"column":44}},"97":{"start":{"line":157,"column":12},"end":{"line":157,"column":37}},"98":{"start":{"line":158,"column":12},"end":{"line":158,"column":43}},"99":{"start":{"line":162,"column":6},"end":{"line":162,"column":26}},"100":{"start":{"line":170,"column":6},"end":{"line":170,"column":141}},"101":{"start":{"line":171,"column":6},"end":{"line":171,"column":126}},"102":{"start":{"line":172,"column":6},"end":{"line":172,"column":41}},"103":{"start":{"line":173,"column":6},"end":{"line":173,"column":51}},"104":{"start":{"line":174,"column":6},"end":{"line":179,"column":25}},"105":{"start":{"line":175,"column":8},"end":{"line":175,"column":61}},"106":{"start":{"line":175,"column":45},"end":{"line":175,"column":61}},"107":{"start":{"line":176,"column":6},"end":{"line":179,"column":25}},"108":{"start":{"line":177,"column":8},"end":{"line":177,"column":24}},"109":{"start":{"line":179,"column":8},"end":{"line":179,"column":24}},"110":{"start":{"line":181,"column":6},"end":{"line":181,"column":54}},"111":{"start":{"line":182,"column":6},"end":{"line":182,"column":26}},"112":{"start":{"line":186,"column":6},"end":{"line":186,"column":23}},"113":{"start":{"line":187,"column":6},"end":{"line":192,"column":21}},"114":{"start":{"line":188,"column":8},"end":{"line":188,"column":37}},"115":{"start":{"line":189,"column":8},"end":{"line":192,"column":20}},"116":{"start":{"line":190,"column":10},"end":{"line":192,"column":19}},"117":{"start":{"line":191,"column":12},"end":{"line":191,"column":26}},"118":{"start":{"line":192,"column":12},"end":{"line":192,"column":18}},"119":{"start":{"line":196,"column":6},"end":{"line":196,"column":24}},"120":{"start":{"line":197,"column":6},"end":{"line":215,"column":76}},"121":{"start":{"line":198,"column":34},"end":{"line":199,"column":80}},"122":{"start":{"line":199,"column":10},"end":{"line":199,"column":77}},"123":{"start":{"line":199,"column":47},"end":{"line":199,"column":77}},"124":{"start":{"line":201,"column":8},"end":{"line":210,"column":49}},"125":{"start":{"line":202,"column":10},"end":{"line":205,"column":48}},"126":{"start":{"line":207,"column":8},"end":{"line":210,"column":49}},"127":{"start":{"line":208,"column":10},"end":{"line":210,"column":48}},"128":{"start":{"line":214,"column":34},"end":{"line":215,"column":75}},"129":{"start":{"line":215,"column":10},"end":{"line":215,"column":72}},"130":{"start":{"line":215,"column":47},"end":{"line":215,"column":72}},"131":{"start":{"line":218,"column":6},"end":{"line":218,"column":58}},"132":{"start":{"line":218,"column":64},"end":{"line":218,"column":82}},"133":{"start":{"line":218,"column":113},"end":{"line":222,"column":78}}},"branchMap":{"1":{"line":1,"type":"if","locations":[{"start":{"line":1,"column":339},"end":{"line":1,"column":339}},{"start":{"line":1,"column":339},"end":{"line":1,"column":339}}]},"2":{"line":1,"type":"binary-expr","locations":[{"start":{"line":1,"column":343},"end":{"line":1,"column":344}},{"start":{"line":1,"column":348},"end":{"line":1,"column":365}}]},"3":{"line":1,"type":"if","locations":[{"start":{"line":1,"column":424},"end":{"line":1,"column":424}},{"start":{"line":1,"column":424},"end":{"line":1,"column":424}}]},"4":{"line":1,"type":"binary-expr","locations":[{"start":{"line":1,"column":428},"end":{"line":1,"column":431}},{"start":{"line":1,"column":435},"end":{"line":1,"column":447}}]},"5":{"line":1,"type":"if","locations":[{"start":{"line":1,"column":475},"end":{"line":1,"column":475}},{"start":{"line":1,"column":475},"end":{"line":1,"column":475}}]},"6":{"line":1,"type":"if","locations":[{"start":{"line":1,"column":533},"end":{"line":1,"column":533}},{"start":{"line":1,"column":533},"end":{"line":1,"column":533}}]},"7":{"line":1,"type":"if","locations":[{"start":{"line":1,"column":576},"end":{"line":1,"column":576}},{"start":{"line":1,"column":576},"end":{"line":1,"column":576}}]},"8":{"line":1,"type":"binary-expr","locations":[{"start":{"line":1,"column":897},"end":{"line":1,"column":918}},{"start":{"line":1,"column":922},"end":{"line":1,"column":927}}]},"9":{"line":1,"type":"if","locations":[{"start":{"line":1,"column":959},"end":{"line":1,"column":959}},{"start":{"line":1,"column":959},"end":{"line":1,"column":959}}]},"10":{"line":1,"type":"if","locations":[{"start":{"line":1,"column":1129},"end":{"line":1,"column":1129}},{"start":{"line":1,"column":1129},"end":{"line":1,"column":1129}}]},"11":{"line":1,"type":"if","locations":[{"start":{"line":1,"column":1197},"end":{"line":1,"column":1197}},{"start":{"line":1,"column":1197},"end":{"line":1,"column":1197}}]},"12":{"line":4,"type":"cond-expr","locations":[{"start":{"line":4,"column":236},"end":{"line":4,"column":239}},{"start":{"line":4,"column":242},"end":{"line":4,"column":258}}]},"13":{"line":4,"type":"binary-expr","locations":[{"start":{"line":4,"column":212},"end":{"line":4,"column":215}},{"start":{"line":4,"column":219},"end":{"line":4,"column":233}}]},"14":{"line":4,"type":"if","locations":[{"start":{"line":4,"column":309},"end":{"line":4,"column":309}},{"start":{"line":4,"column":309},"end":{"line":4,"column":309}}]},"15":{"line":131,"type":"if","locations":[{"start":{"line":131,"column":6},"end":{"line":131,"column":6}},{"start":{"line":131,"column":6},"end":{"line":131,"column":6}}]},"16":{"line":132,"type":"if","locations":[{"start":{"line":132,"column":8},"end":{"line":132,"column":8}},{"start":{"line":132,"column":8},"end":{"line":132,"column":8}}]},"17":{"line":132,"type":"binary-expr","locations":[{"start":{"line":132,"column":12},"end":{"line":132,"column":22}},{"start":{"line":132,"column":26},"end":{"line":132,"column":54}}]},"18":{"line":136,"type":"if","locations":[{"start":{"line":136,"column":13},"end":{"line":136,"column":13}},{"start":{"line":136,"column":13},"end":{"line":136,"column":13}}]},"19":{"line":136,"type":"binary-expr","locations":[{"start":{"line":136,"column":17},"end":{"line":136,"column":27}},{"start":{"line":136,"column":31},"end":{"line":136,"column":47}},{"start":{"line":136,"column":51},"end":{"line":136,"column":79}}]},"20":{"line":139,"type":"if","locations":[{"start":{"line":139,"column":10},"end":{"line":139,"column":10}},{"start":{"line":139,"column":10},"end":{"line":139,"column":10}}]},"21":{"line":139,"type":"binary-expr","locations":[{"start":{"line":139,"column":14},"end":{"line":139,"column":29}},{"start":{"line":139,"column":33},"end":{"line":139,"column":61}}]},"22":{"line":143,"type":"if","locations":[{"start":{"line":143,"column":6},"end":{"line":143,"column":6}},{"start":{"line":143,"column":6},"end":{"line":143,"column":6}}]},"23":{"line":143,"type":"binary-expr","locations":[{"start":{"line":143,"column":11},"end":{"line":143,"column":36}},{"start":{"line":143,"column":40},"end":{"line":143,"column":73}},{"start":{"line":143,"column":78},"end":{"line":143,"column":107}}]},"24":{"line":156,"type":"if","locations":[{"start":{"line":156,"column":10},"end":{"line":156,"column":10}},{"start":{"line":156,"column":10},"end":{"line":156,"column":10}}]},"25":{"line":156,"type":"binary-expr","locations":[{"start":{"line":156,"column":15},"end":{"line":156,"column":35}},{"start":{"line":156,"column":39},"end":{"line":156,"column":62}},{"start":{"line":156,"column":67},"end":{"line":156,"column":124}}]},"26":{"line":174,"type":"if","locations":[{"start":{"line":174,"column":6},"end":{"line":174,"column":6}},{"start":{"line":174,"column":6},"end":{"line":174,"column":6}}]},"27":{"line":175,"type":"if","locations":[{"start":{"line":175,"column":8},"end":{"line":175,"column":8}},{"start":{"line":175,"column":8},"end":{"line":175,"column":8}}]},"28":{"line":176,"type":"if","locations":[{"start":{"line":176,"column":6},"end":{"line":176,"column":6}},{"start":{"line":176,"column":6},"end":{"line":176,"column":6}}]},"29":{"line":189,"type":"if","locations":[{"start":{"line":189,"column":8},"end":{"line":189,"column":8}},{"start":{"line":189,"column":8},"end":{"line":189,"column":8}}]},"30":{"line":189,"type":"binary-expr","locations":[{"start":{"line":189,"column":12},"end":{"line":189,"column":32}},{"start":{"line":189,"column":36},"end":{"line":189,"column":59}}]},"31":{"line":190,"type":"if","locations":[{"start":{"line":190,"column":10},"end":{"line":190,"column":10}},{"start":{"line":190,"column":10},"end":{"line":190,"column":10}}]},"32":{"line":197,"type":"if","locations":[{"start":{"line":197,"column":6},"end":{"line":197,"column":6}},{"start":{"line":197,"column":6},"end":{"line":197,"column":6}}]},"33":{"line":199,"type":"if","locations":[{"start":{"line":199,"column":10},"end":{"line":199,"column":10}},{"start":{"line":199,"column":10},"end":{"line":199,"column":10}}]},"34":{"line":201,"type":"if","locations":[{"start":{"line":201,"column":8},"end":{"line":201,"column":8}},{"start":{"line":201,"column":8},"end":{"line":201,"column":8}}]},"35":{"line":207,"type":"if","locations":[{"start":{"line":207,"column":8},"end":{"line":207,"column":8}},{"start":{"line":207,"column":8},"end":{"line":207,"column":8}}]},"36":{"line":215,"type":"if","locations":[{"start":{"line":215,"column":10},"end":{"line":215,"column":10}},{"start":{"line":215,"column":10},"end":{"line":215,"column":10}}]}},"l":{"1":45,"2":3,"4":9,"8":3,"9":3,"11":3,"12":3,"13":3,"14":3,"15":3,"16":3,"17":3,"19":3,"20":0,"28":3,"29":3,"30":3,"31":3,"32":1,"43":2,"93":2,"123":45,"124":45,"125":45,"126":45,"127":45,"128":45,"131":45,"132":39,"133":0,"136":39,"137":10,"139":29,"140":17,"143":45,"144":14,"148":45,"150":45,"153":3,"154":3,"155":3,"156":13,"157":3,"158":3,"162":3,"170":14,"171":14,"172":14,"173":14,"174":14,"175":2,"176":12,"177":7,"179":5,"181":14,"182":14,"186":62,"187":62,"188":193,"189":193,"190":178,"191":47,"192":47,"196":62,"197":62,"198":15,"199":69,"201":15,"202":12,"207":3,"208":3,"214":47,"215":219,"218":62}},
"/home/myles/Documents/score-fluent/src/client/logic/actions/AuthActions.js":{"path":"/home/myles/Documents/score-fluent/src/client/logic/actions/AuthActions.js","s":{"1":2,"2":2,"3":2,"4":2,"5":6,"6":6,"7":6,"8":6,"9":6,"10":6,"11":2,"12":2,"13":2,"14":2,"15":0,"16":2,"17":2,"18":2,"19":2,"20":2,"21":2,"22":2,"23":2,"24":2,"25":2,"26":2,"27":2,"28":2,"29":2,"30":12,"31":2,"32":2,"33":0,"34":2,"35":2,"36":2,"37":2,"38":2,"39":0,"40":0,"41":0,"42":0,"43":0,"44":0,"45":0,"46":0,"47":0,"48":0,"49":0,"50":0,"51":0,"52":0,"53":2,"54":2},"b":{"1":[6,6],"2":[6,0],"3":[2,0],"4":[0,2],"5":[9,3],"6":[12,12],"7":[0,2],"8":[0,0]},"f":{"1":2,"2":2,"3":2,"4":12,"5":2,"6":2,"7":2,"8":0,"9":0,"10":0,"11":0},"fnMap":{"1":{"name":"(anonymous_1)","line":1,"loc":{"start":{"line":1,"column":120},"end":{"line":1,"column":132}}},"2":{"name":"defineProperties","line":1,"loc":{"start":{"line":1,"column":133},"end":{"line":1,"column":174}}},"3":{"name":"(anonymous_3)","line":1,"loc":{"start":{"line":1,"column":448},"end":{"line":1,"column":496}}},"4":{"name":"_interopRequireDefault","line":9,"loc":{"start":{"line":9,"column":158},"end":{"line":9,"column":195}}},"5":{"name":"_classCallCheck","line":9,"loc":{"start":{"line":9,"column":251},"end":{"line":9,"column":299}}},"6":{"name":"(anonymous_6)","line":11,"loc":{"start":{"line":11,"column":14},"end":{"line":11,"column":26}}},"7":{"name":"AuthActions","line":12,"loc":{"start":{"line":12,"column":2},"end":{"line":12,"column":51}}},"8":{"name":"register","line":13,"loc":{"start":{"line":13,"column":97},"end":{"line":16,"column":10}}},"9":{"name":"login","line":18,"loc":{"start":{"line":18,"column":46},"end":{"line":21,"column":10}}},"10":{"name":"_authRequest","line":23,"loc":{"start":{"line":23,"column":53},"end":{"line":26,"column":15}}},"11":{"name":"(anonymous_11)","line":34,"loc":{"start":{"line":34,"column":11},"end":{"line":34,"column":26}}}},"statementMap":{"1":{"start":{"line":1,"column":39},"end":{"line":1,"column":101},"skip":true},"2":{"start":{"line":1,"column":101},"end":{"line":1,"column":650}},"3":{"start":{"line":1,"column":133},"end":{"line":1,"column":441}},"4":{"start":{"line":1,"column":175},"end":{"line":1,"column":440}},"5":{"start":{"line":1,"column":215},"end":{"line":1,"column":241}},"6":{"start":{"line":1,"column":241},"end":{"line":1,"column":296}},"7":{"start":{"line":1,"column":296},"end":{"line":1,"column":327}},"8":{"start":{"line":1,"column":327},"end":{"line":1,"column":381}},"9":{"start":{"line":1,"column":354},"end":{"line":1,"column":381}},"10":{"start":{"line":1,"column":381},"end":{"line":1,"column":439}},"11":{"start":{"line":1,"column":441},"end":{"line":1,"column":646}},"12":{"start":{"line":1,"column":497},"end":{"line":1,"column":565}},"13":{"start":{"line":1,"column":513},"end":{"line":1,"column":565}},"14":{"start":{"line":1,"column":565},"end":{"line":1,"column":625}},"15":{"start":{"line":1,"column":582},"end":{"line":1,"column":625}},"16":{"start":{"line":1,"column":625},"end":{"line":1,"column":644}},"17":{"start":{"line":1,"column":650},"end":{"line":1,"column":710}},"18":{"start":{"line":1,"column":737},"end":{"line":1,"column":786}},"19":{"start":{"line":3,"column":0},"end":{"line":3,"column":60}},"20":{"start":{"line":3,"column":87},"end":{"line":3,"column":128}},"21":{"start":{"line":5,"column":0},"end":{"line":5,"column":70}},"22":{"start":{"line":5,"column":97},"end":{"line":5,"column":154}},"23":{"start":{"line":6,"column":0},"end":{"line":6,"column":72}},"24":{"start":{"line":6,"column":99},"end":{"line":6,"column":158}},"25":{"start":{"line":8,"column":0},"end":{"line":8,"column":74}},"26":{"start":{"line":8,"column":101},"end":{"line":8,"column":154}},"27":{"start":{"line":9,"column":0},"end":{"line":9,"column":76}},"28":{"start":{"line":9,"column":103},"end":{"line":9,"column":158}},"29":{"start":{"line":9,"column":158},"end":{"line":9,"column":251}},"30":{"start":{"line":9,"column":196},"end":{"line":9,"column":250}},"31":{"start":{"line":9,"column":251},"end":{"line":9,"column":400}},"32":{"start":{"line":9,"column":300},"end":{"line":9,"column":399}},"33":{"start":{"line":9,"column":341},"end":{"line":9,"column":398}},"34":{"start":{"line":9,"column":400},"end":{"line":47,"column":47}},"35":{"start":{"line":12,"column":2},"end":{"line":13,"column":44}},"36":{"start":{"line":12,"column":78},"end":{"line":12,"column":113}},"37":{"start":{"line":13,"column":4},"end":{"line":13,"column":43}},"38":{"start":{"line":13,"column":44},"end":{"line":47,"column":24}},"39":{"start":{"line":17,"column":6},"end":{"line":17,"column":161}},"40":{"start":{"line":18,"column":6},"end":{"line":18,"column":18}},"41":{"start":{"line":22,"column":6},"end":{"line":22,"column":165}},"42":{"start":{"line":23,"column":6},"end":{"line":23,"column":18}},"43":{"start":{"line":26,"column":42},"end":{"line":26,"column":59}},"44":{"start":{"line":27,"column":32},"end":{"line":44,"column":71}},"45":{"start":{"line":35,"column":8},"end":{"line":44,"column":68}},"46":{"start":{"line":36,"column":36},"end":{"line":36,"column":96}},"47":{"start":{"line":39,"column":10},"end":{"line":39,"column":66}},"48":{"start":{"line":40,"column":10},"end":{"line":40,"column":51}},"49":{"start":{"line":42,"column":36},"end":{"line":42,"column":49}},"50":{"start":{"line":43,"column":36},"end":{"line":43,"column":88}},"51":{"start":{"line":44,"column":36},"end":{"line":44,"column":67}},"52":{"start":{"line":47,"column":6},"end":{"line":47,"column":18}},"53":{"start":{"line":47,"column":24},"end":{"line":47,"column":43}},"54":{"start":{"line":47,"column":74},"end":{"line":51,"column":67}}},"branchMap":{"1":{"line":1,"type":"binary-expr","locations":[{"start":{"line":1,"column":265},"end":{"line":1,"column":286}},{"start":{"line":1,"column":290},"end":{"line":1,"column":295}}]},"2":{"line":1,"type":"if","locations":[{"start":{"line":1,"column":327},"end":{"line":1,"column":327}},{"start":{"line":1,"column":327},"end":{"line":1,"column":327}}]},"3":{"line":1,"type":"if","locations":[{"start":{"line":1,"column":497},"end":{"line":1,"column":497}},{"start":{"line":1,"column":497},"end":{"line":1,"column":497}}]},"4":{"line":1,"type":"if","locations":[{"start":{"line":1,"column":565},"end":{"line":1,"column":565}},{"start":{"line":1,"column":565},"end":{"line":1,"column":565}}]},"5":{"line":9,"type":"cond-expr","locations":[{"start":{"line":9,"column":227},"end":{"line":9,"column":230}},{"start":{"line":9,"column":233},"end":{"line":9,"column":249}}]},"6":{"line":9,"type":"binary-expr","locations":[{"start":{"line":9,"column":203},"end":{"line":9,"column":206}},{"start":{"line":9,"column":210},"end":{"line":9,"column":224}}]},"7":{"line":9,"type":"if","locations":[{"start":{"line":9,"column":300},"end":{"line":9,"column":300}},{"start":{"line":9,"column":300},"end":{"line":9,"column":300}}]},"8":{"line":35,"type":"if","locations":[{"start":{"line":35,"column":8},"end":{"line":35,"column":8}},{"start":{"line":35,"column":8},"end":{"line":35,"column":8}}]}},"l":{"1":6,"3":2,"5":2,"6":2,"8":2,"9":12,"12":2,"13":2,"17":0,"18":0,"22":0,"23":0,"26":0,"27":0,"35":0,"36":0,"39":0,"40":0,"42":0,"43":0,"44":0,"47":2}},
"/home/myles/Documents/score-fluent/src/client/logic/actions/MenuActions.js":{"path":"/home/myles/Documents/score-fluent/src/client/logic/actions/MenuActions.js","s":{"1":2,"2":2,"3":2,"4":2,"5":2,"6":2,"7":2,"8":2,"9":2,"10":2,"11":2,"12":2,"13":2,"14":2,"15":0,"16":2,"17":2,"18":2,"19":2,"20":2,"21":2,"22":2,"23":2,"24":2,"25":2,"26":8,"27":2,"28":2,"29":0,"30":2,"31":2,"32":2,"33":2,"34":2,"35":0,"36":0,"37":0,"38":0,"39":0,"40":0,"41":0,"42":0,"43":0,"44":0,"45":0,"46":0,"47":0,"48":0,"49":0,"50":0,"51":0,"52":2,"53":2},"b":{"1":[2,2],"2":[2,0],"3":[2,0],"4":[0,2],"5":[7,1],"6":[8,8],"7":[0,2],"8":[0,0,0,0,0,0,0]},"f":{"1":2,"2":2,"3":2,"4":8,"5":2,"6":2,"7":2,"8":0,"9":0},"fnMap":{"1":{"name":"(anonymous_1)","line":1,"loc":{"start":{"line":1,"column":120},"end":{"line":1,"column":132}}},"2":{"name":"defineProperties","line":1,"loc":{"start":{"line":1,"column":133},"end":{"line":1,"column":174}}},"3":{"name":"(anonymous_3)","line":1,"loc":{"start":{"line":1,"column":448},"end":{"line":1,"column":496}}},"4":{"name":"_interopRequireDefault","line":6,"loc":{"start":{"line":6,"column":154},"end":{"line":6,"column":191}}},"5":{"name":"_classCallCheck","line":6,"loc":{"start":{"line":6,"column":247},"end":{"line":6,"column":295}}},"6":{"name":"(anonymous_6)","line":8,"loc":{"start":{"line":8,"column":14},"end":{"line":8,"column":26}}},"7":{"name":"MenuActions","line":10,"loc":{"start":{"line":10,"column":2},"end":{"line":10,"column":51}}},"8":{"name":"btnClick","line":16,"loc":{"start":{"line":16,"column":75},"end":{"line":20,"column":13}}},"9":{"name":"(anonymous_9)","line":21,"loc":{"start":{"line":21,"column":13},"end":{"line":21,"column":33}}}},"statementMap":{"1":{"start":{"line":1,"column":39},"end":{"line":1,"column":101},"skip":true},"2":{"start":{"line":1,"column":101},"end":{"line":1,"column":650}},"3":{"start":{"line":1,"column":133},"end":{"line":1,"column":441}},"4":{"start":{"line":1,"column":175},"end":{"line":1,"column":440}},"5":{"start":{"line":1,"column":215},"end":{"line":1,"column":241}},"6":{"start":{"line":1,"column":241},"end":{"line":1,"column":296}},"7":{"start":{"line":1,"column":296},"end":{"line":1,"column":327}},"8":{"start":{"line":1,"column":327},"end":{"line":1,"column":381}},"9":{"start":{"line":1,"column":354},"end":{"line":1,"column":381}},"10":{"start":{"line":1,"column":381},"end":{"line":1,"column":439}},"11":{"start":{"line":1,"column":441},"end":{"line":1,"column":646}},"12":{"start":{"line":1,"column":497},"end":{"line":1,"column":565}},"13":{"start":{"line":1,"column":513},"end":{"line":1,"column":565}},"14":{"start":{"line":1,"column":565},"end":{"line":1,"column":625}},"15":{"start":{"line":1,"column":582},"end":{"line":1,"column":625}},"16":{"start":{"line":1,"column":625},"end":{"line":1,"column":644}},"17":{"start":{"line":1,"column":650},"end":{"line":1,"column":710}},"18":{"start":{"line":1,"column":737},"end":{"line":1,"column":778}},"19":{"start":{"line":3,"column":0},"end":{"line":3,"column":72}},"20":{"start":{"line":3,"column":99},"end":{"line":3,"column":158}},"21":{"start":{"line":4,"column":0},"end":{"line":4,"column":70}},"22":{"start":{"line":4,"column":97},"end":{"line":4,"column":154}},"23":{"start":{"line":6,"column":0},"end":{"line":6,"column":74}},"24":{"start":{"line":6,"column":101},"end":{"line":6,"column":154}},"25":{"start":{"line":6,"column":154},"end":{"line":6,"column":247}},"26":{"start":{"line":6,"column":192},"end":{"line":6,"column":246}},"27":{"start":{"line":6,"column":247},"end":{"line":6,"column":396}},"28":{"start":{"line":6,"column":296},"end":{"line":6,"column":395}},"29":{"start":{"line":6,"column":337},"end":{"line":6,"column":394}},"30":{"start":{"line":6,"column":396},"end":{"line":44,"column":50}},"31":{"start":{"line":10,"column":2},"end":{"line":16,"column":22}},"32":{"start":{"line":10,"column":78},"end":{"line":10,"column":113}},"33":{"start":{"line":11,"column":4},"end":{"line":16,"column":21}},"34":{"start":{"line":16,"column":22},"end":{"line":44,"column":27}},"35":{"start":{"line":21,"column":6},"end":{"line":44,"column":21}},"36":{"start":{"line":22,"column":8},"end":{"line":44,"column":19}},"37":{"start":{"line":24,"column":38},"end":{"line":24,"column":72}},"38":{"start":{"line":25,"column":12},"end":{"line":25,"column":18}},"39":{"start":{"line":27,"column":38},"end":{"line":27,"column":69}},"40":{"start":{"line":28,"column":12},"end":{"line":28,"column":18}},"41":{"start":{"line":30,"column":12},"end":{"line":30,"column":38}},"42":{"start":{"line":31,"column":38},"end":{"line":31,"column":69}},"43":{"start":{"line":32,"column":12},"end":{"line":32,"column":18}},"44":{"start":{"line":34,"column":12},"end":{"line":34,"column":89}},"45":{"start":{"line":35,"column":12},"end":{"line":35,"column":18}},"46":{"start":{"line":37,"column":12},"end":{"line":37,"column":90}},"47":{"start":{"line":38,"column":12},"end":{"line":38,"column":18}},"48":{"start":{"line":40,"column":12},"end":{"line":40,"column":95}},"49":{"start":{"line":41,"column":12},"end":{"line":41,"column":18}},"50":{"start":{"line":43,"column":12},"end":{"line":43,"column":30}},"51":{"start":{"line":44,"column":12},"end":{"line":44,"column":18}},"52":{"start":{"line":44,"column":27},"end":{"line":44,"column":46}},"53":{"start":{"line":44,"column":77},"end":{"line":51,"column":67}}},"branchMap":{"1":{"line":1,"type":"binary-expr","locations":[{"start":{"line":1,"column":265},"end":{"line":1,"column":286}},{"start":{"line":1,"column":290},"end":{"line":1,"column":295}}]},"2":{"line":1,"type":"if","locations":[{"start":{"line":1,"column":327},"end":{"line":1,"column":327}},{"start":{"line":1,"column":327},"end":{"line":1,"column":327}}]},"3":{"line":1,"type":"if","locations":[{"start":{"line":1,"column":497},"end":{"line":1,"column":497}},{"start":{"line":1,"column":497},"end":{"line":1,"column":497}}]},"4":{"line":1,"type":"if","locations":[{"start":{"line":1,"column":565},"end":{"line":1,"column":565}},{"start":{"line":1,"column":565},"end":{"line":1,"column":565}}]},"5":{"line":6,"type":"cond-expr","locations":[{"start":{"line":6,"column":223},"end":{"line":6,"column":226}},{"start":{"line":6,"column":229},"end":{"line":6,"column":245}}]},"6":{"line":6,"type":"binary-expr","locations":[{"start":{"line":6,"column":199},"end":{"line":6,"column":202}},{"start":{"line":6,"column":206},"end":{"line":6,"column":220}}]},"7":{"line":6,"type":"if","locations":[{"start":{"line":6,"column":296},"end":{"line":6,"column":296}},{"start":{"line":6,"column":296},"end":{"line":6,"column":296}}]},"8":{"line":22,"type":"switch","locations":[{"start":{"line":23,"column":10},"end":{"line":25,"column":18}},{"start":{"line":26,"column":10},"end":{"line":28,"column":18}},{"start":{"line":29,"column":10},"end":{"line":32,"column":18}},{"start":{"line":33,"column":10},"end":{"line":35,"column":18}},{"start":{"line":36,"column":10},"end":{"line":38,"column":18}},{"start":{"line":39,"column":10},"end":{"line":41,"column":18}},{"start":{"line":42,"column":10},"end":{"line":44,"column":18}}]}},"l":{"1":2,"3":2,"4":2,"6":8,"10":2,"11":2,"16":2,"21":0,"22":0,"24":0,"25":0,"27":0,"28":0,"30":0,"31":0,"32":0,"34":0,"35":0,"37":0,"38":0,"40":0,"41":0,"43":0,"44":2}},
"/home/myles/Documents/score-fluent/src/client/logic/stores/GameStore.js":{"path":"/home/myles/Documents/score-fluent/src/client/logic/stores/GameStore.js","s":{"1":3,"2":3,"3":3,"4":0,"5":0,"6":0,"7":0,"8":0,"9":0,"10":3,"11":3,"12":0,"13":0,"14":0,"15":0,"16":0,"17":0,"18":0,"19":0,"20":0,"21":0,"22":0,"23":0,"24":0,"25":0,"26":0,"27":0,"28":0,"29":3,"30":8,"31":8,"32":0,"33":0,"34":0,"35":3,"36":3,"37":3,"38":21,"39":21,"40":21,"41":21,"42":21,"43":21,"44":3,"45":3,"46":3,"47":3,"48":0,"49":3,"50":3,"51":3,"52":3,"53":3,"54":3,"55":3,"56":3,"57":3,"58":3,"59":12,"60":3,"61":3,"62":0,"63":3,"64":3,"65":3,"66":3,"67":3,"68":3,"69":3,"70":3,"71":3,"72":3,"73":3,"74":3,"75":3,"76":3,"77":3,"78":3,"79":3,"80":3,"81":0,"82":0,"83":0,"84":3,"85":8,"86":8,"87":8,"88":8,"89":8,"90":4,"91":4,"92":4,"93":4,"94":4,"95":4,"96":2,"97":2,"98":2,"99":2,"100":1,"101":1,"102":1,"103":1,"104":2,"105":2,"106":9,"107":9,"108":9,"109":9,"110":301,"111":301,"112":25,"113":276,"114":25,"115":251,"116":25,"117":226,"118":126,"119":100,"120":9,"121":301,"122":2,"123":2,"124":2,"125":0,"126":0,"127":2,"128":7,"129":7,"130":9,"131":3,"132":3},"b":{"1":[3,0],"2":[0,0],"3":[0,0],"4":[0,0],"5":[0,0],"6":[0,0],"7":[0,0],"8":[8,0],"9":[0,0],"10":[21,21],"11":[21,0],"12":[3,0],"13":[0,3],"14":[6,6],"15":[12,12],"16":[0,3],"17":[4,4],"18":[0,4],"19":[2,2],"20":[2,0],"21":[1,1],"22":[2,1,0],"23":[310,33],"24":[25,276],"25":[25,251],"26":[25,226],"27":[126,100]},"f":{"1":0,"2":3,"3":0,"4":8,"5":3,"6":3,"7":3,"8":12,"9":3,"10":3,"11":3,"12":0,"13":0,"14":0,"15":8,"16":4,"17":4,"18":2,"19":2,"20":9,"21":301,"22":2,"23":7,"24":9},"fnMap":{"1":{"name":"(anonymous_1)","line":1,"loc":{"start":{"line":1,"column":172},"end":{"line":1,"column":190}}},"2":{"name":"(anonymous_2)","line":1,"loc":{"start":{"line":1,"column":408},"end":{"line":1,"column":420}}},"3":{"name":"sliceIterator","line":1,"loc":{"start":{"line":1,"column":421},"end":{"line":1,"column":452}}},"4":{"name":"(anonymous_4)","line":1,"loc":{"start":{"line":1,"column":800},"end":{"line":1,"column":818}}},"5":{"name":"(anonymous_5)","line":1,"loc":{"start":{"line":1,"column":1038},"end":{"line":1,"column":1050}}},"6":{"name":"defineProperties","line":1,"loc":{"start":{"line":1,"column":1051},"end":{"line":1,"column":1092}}},"7":{"name":"(anonymous_7)","line":1,"loc":{"start":{"line":1,"column":1366},"end":{"line":1,"column":1414}}},"8":{"name":"_interopRequireDefault","line":5,"loc":{"start":{"line":5,"column":163},"end":{"line":5,"column":200}}},"9":{"name":"_classCallCheck","line":5,"loc":{"start":{"line":5,"column":256},"end":{"line":5,"column":304}}},"10":{"name":"(anonymous_10)","line":7,"loc":{"start":{"line":7,"column":50},"end":{"line":7,"column":62}}},"11":{"name":"UnwrappedGameStore","line":9,"loc":{"start":{"line":9,"column":2},"end":{"line":9,"column":58}}},"12":{"name":"getMode","line":30,"loc":{"start":{"line":30,"column":15},"end":{"line":30,"column":60}}},"13":{"name":"getClefs","line":31,"loc":{"start":{"line":31,"column":16},"end":{"line":31,"column":62}}},"14":{"name":"getDifficulty","line":32,"loc":{"start":{"line":32,"column":21},"end":{"line":32,"column":72}}},"15":{"name":"setNewOption","line":32,"loc":{"start":{"line":32,"column":195},"end":{"line":37,"column":4}}},"16":{"name":"(anonymous_16)","line":38,"loc":{"start":{"line":38,"column":115},"end":{"line":38,"column":127}},"skip":true},"17":{"name":"(anonymous_17)","line":46,"loc":{"start":{"line":46,"column":21},"end":{"line":46,"column":59}},"skip":true},"18":{"name":"guessNote","line":55,"loc":{"start":{"line":55,"column":51},"end":{"line":59,"column":17}}},"19":{"name":"(anonymous_19)","line":87,"loc":{"start":{"line":87,"column":19},"end":{"line":87,"column":31}}},"20":{"name":"_rangeToNotes","line":89,"loc":{"start":{"line":89,"column":63},"end":{"line":93,"column":24}}},"21":{"name":"_enharmonicNames","line":126,"loc":{"start":{"line":126,"column":58},"end":{"line":129,"column":23}}},"22":{"name":"_setRandNote","line":130,"loc":{"start":{"line":130,"column":53},"end":{"line":133,"column":4}}},"23":{"name":"_newStaff","line":146,"loc":{"start":{"line":146,"column":62},"end":{"line":151,"column":23}}},"24":{"name":"_newNote","line":156,"loc":{"start":{"line":156,"column":56},"end":{"line":160,"column":22}}}},"statementMap":{"1":{"start":{"line":1,"column":39},"end":{"line":1,"column":101},"skip":true},"2":{"start":{"line":1,"column":101},"end":{"line":1,"column":140}},"3":{"start":{"line":1,"column":140},"end":{"line":1,"column":387}},"4":{"start":{"line":1,"column":191},"end":{"line":1,"column":371}},"5":{"start":{"line":1,"column":235},"end":{"line":1,"column":261}},"6":{"start":{"line":1,"column":261},"end":{"line":1,"column":370}},"7":{"start":{"line":1,"column":286},"end":{"line":1,"column":369}},"8":{"start":{"line":1,"column":342},"end":{"line":1,"column":368}},"9":{"start":{"line":1,"column":371},"end":{"line":1,"column":385}},"10":{"start":{"line":1,"column":387},"end":{"line":1,"column":1019}},"11":{"start":{"line":1,"column":421},"end":{"line":1,"column":793}},"12":{"start":{"line":1,"column":453},"end":{"line":1,"column":467}},"13":{"start":{"line":1,"column":467},"end":{"line":1,"column":481}},"14":{"start":{"line":1,"column":481},"end":{"line":1,"column":496}},"15":{"start":{"line":1,"column":496},"end":{"line":1,"column":515}},"16":{"start":{"line":1,"column":515},"end":{"line":1,"column":780}},"17":{"start":{"line":1,"column":520},"end":{"line":1,"column":660}},"18":{"start":{"line":1,"column":605},"end":{"line":1,"column":625}},"19":{"start":{"line":1,"column":625},"end":{"line":1,"column":659}},"20":{"start":{"line":1,"column":653},"end":{"line":1,"column":659}},"21":{"start":{"line":1,"column":675},"end":{"line":1,"column":685}},"22":{"start":{"line":1,"column":685},"end":{"line":1,"column":694}},"23":{"start":{"line":1,"column":705},"end":{"line":1,"column":779}},"24":{"start":{"line":1,"column":710},"end":{"line":1,"column":750}},"25":{"start":{"line":1,"column":735},"end":{"line":1,"column":750}},"26":{"start":{"line":1,"column":761},"end":{"line":1,"column":778}},"27":{"start":{"line":1,"column":769},"end":{"line":1,"column":778}},"28":{"start":{"line":1,"column":780},"end":{"line":1,"column":792}},"29":{"start":{"line":1,"column":793},"end":{"line":1,"column":1015}},"30":{"start":{"line":1,"column":819},"end":{"line":1,"column":1013}},"31":{"start":{"line":1,"column":844},"end":{"line":1,"column":855}},"32":{"start":{"line":1,"column":862},"end":{"line":1,"column":1013}},"33":{"start":{"line":1,"column":899},"end":{"line":1,"column":928}},"34":{"start":{"line":1,"column":936},"end":{"line":1,"column":1012}},"35":{"start":{"line":1,"column":1019},"end":{"line":1,"column":1568}},"36":{"start":{"line":1,"column":1051},"end":{"line":1,"column":1359}},"37":{"start":{"line":1,"column":1093},"end":{"line":1,"column":1358}},"38":{"start":{"line":1,"column":1133},"end":{"line":1,"column":1159}},"39":{"start":{"line":1,"column":1159},"end":{"line":1,"column":1214}},"40":{"start":{"line":1,"column":1214},"end":{"line":1,"column":1245}},"41":{"start":{"line":1,"column":1245},"end":{"line":1,"column":1299}},"42":{"start":{"line":1,"column":1272},"end":{"line":1,"column":1299}},"43":{"start":{"line":1,"column":1299},"end":{"line":1,"column":1357}},"44":{"start":{"line":1,"column":1359},"end":{"line":1,"column":1564}},"45":{"start":{"line":1,"column":1415},"end":{"line":1,"column":1483}},"46":{"start":{"line":1,"column":1431},"end":{"line":1,"column":1483}},"47":{"start":{"line":1,"column":1483},"end":{"line":1,"column":1543}},"48":{"start":{"line":1,"column":1500},"end":{"line":1,"column":1543}},"49":{"start":{"line":1,"column":1543},"end":{"line":1,"column":1562}},"50":{"start":{"line":1,"column":1568},"end":{"line":1,"column":1628}},"51":{"start":{"line":1,"column":1655},"end":{"line":1,"column":1696}},"52":{"start":{"line":2,"column":0},"end":{"line":2,"column":58}},"53":{"start":{"line":2,"column":85},"end":{"line":2,"column":132}},"54":{"start":{"line":4,"column":0},"end":{"line":4,"column":79}},"55":{"start":{"line":4,"column":106},"end":{"line":4,"column":161}},"56":{"start":{"line":5,"column":0},"end":{"line":5,"column":79}},"57":{"start":{"line":5,"column":106},"end":{"line":5,"column":163}},"58":{"start":{"line":5,"column":163},"end":{"line":5,"column":256}},"59":{"start":{"line":5,"column":201},"end":{"line":5,"column":255}},"60":{"start":{"line":5,"column":256},"end":{"line":5,"column":405}},"61":{"start":{"line":5,"column":305},"end":{"line":5,"column":404}},"62":{"start":{"line":5,"column":346},"end":{"line":5,"column":403}},"63":{"start":{"line":5,"column":405},"end":{"line":161,"column":188}},"64":{"start":{"line":9,"column":2},"end":{"line":32,"column":131}},"65":{"start":{"line":9,"column":85},"end":{"line":9,"column":102}},"66":{"start":{"line":9,"column":102},"end":{"line":9,"column":144}},"67":{"start":{"line":10,"column":4},"end":{"line":10,"column":71}},"68":{"start":{"line":12,"column":4},"end":{"line":12,"column":32}},"69":{"start":{"line":13,"column":4},"end":{"line":13,"column":88}},"70":{"start":{"line":15,"column":4},"end":{"line":15,"column":27}},"71":{"start":{"line":16,"column":4},"end":{"line":16,"column":28}},"72":{"start":{"line":17,"column":4},"end":{"line":17,"column":29}},"73":{"start":{"line":19,"column":4},"end":{"line":19,"column":64}},"74":{"start":{"line":20,"column":4},"end":{"line":20,"column":26}},"75":{"start":{"line":22,"column":4},"end":{"line":22,"column":28}},"76":{"start":{"line":23,"column":4},"end":{"line":23,"column":28}},"77":{"start":{"line":25,"column":4},"end":{"line":25,"column":22}},"78":{"start":{"line":26,"column":4},"end":{"line":26,"column":24}},"79":{"start":{"line":27,"column":4},"end":{"line":27,"column":24}},"80":{"start":{"line":29,"column":4},"end":{"line":32,"column":130}},"81":{"start":{"line":30,"column":61},"end":{"line":30,"column":107}},"82":{"start":{"line":31,"column":63},"end":{"line":31,"column":110}},"83":{"start":{"line":32,"column":73},"end":{"line":32,"column":125}},"84":{"start":{"line":32,"column":131},"end":{"line":161,"column":158}},"85":{"start":{"line":37,"column":31},"end":{"line":37,"column":49}},"86":{"start":{"line":37,"column":49},"end":{"line":37,"column":85}},"87":{"start":{"line":37,"column":85},"end":{"line":37,"column":108}},"88":{"start":{"line":37,"column":135},"end":{"line":37,"column":157}},"89":{"start":{"line":38,"column":6},"end":{"line":55,"column":19}},"90":{"start":{"line":38,"column":114},"end":{"line":55,"column":18}},"91":{"start":{"line":39,"column":36},"end":{"line":41,"column":30},"skip":true},"92":{"start":{"line":44,"column":10},"end":{"line":44,"column":30},"skip":true},"93":{"start":{"line":45,"column":10},"end":{"line":45,"column":39},"skip":true},"94":{"start":{"line":46,"column":10},"end":{"line":55,"column":13},"skip":true},"95":{"start":{"line":46,"column":60},"end":{"line":54,"column":28},"skip":true},"96":{"start":{"line":59,"column":44},"end":{"line":59,"column":62}},"97":{"start":{"line":60,"column":6},"end":{"line":89,"column":27}},"98":{"start":{"line":61,"column":8},"end":{"line":61,"column":45}},"99":{"start":{"line":62,"column":8},"end":{"line":84,"column":109}},"100":{"start":{"line":63,"column":10},"end":{"line":63,"column":64}},"101":{"start":{"line":64,"column":10},"end":{"line":72,"column":106}},"102":{"start":{"line":75,"column":10},"end":{"line":75,"column":68}},"103":{"start":{"line":76,"column":10},"end":{"line":84,"column":108}},"104":{"start":{"line":87,"column":8},"end":{"line":89,"column":26}},"105":{"start":{"line":88,"column":36},"end":{"line":88,"column":58}},"106":{"start":{"line":94,"column":6},"end":{"line":94,"column":26}},"107":{"start":{"line":95,"column":6},"end":{"line":95,"column":28}},"108":{"start":{"line":96,"column":6},"end":{"line":96,"column":21}},"109":{"start":{"line":97,"column":6},"end":{"line":122,"column":35}},"110":{"start":{"line":98,"column":8},"end":{"line":98,"column":60}},"111":{"start":{"line":99,"column":8},"end":{"line":122,"column":34}},"112":{"start":{"line":100,"column":10},"end":{"line":102,"column":37}},"113":{"start":{"line":104,"column":8},"end":{"line":122,"column":34}},"114":{"start":{"line":105,"column":10},"end":{"line":107,"column":33}},"115":{"start":{"line":109,"column":8},"end":{"line":122,"column":34}},"116":{"start":{"line":110,"column":10},"end":{"line":112,"column":33}},"117":{"start":{"line":114,"column":8},"end":{"line":122,"column":34}},"118":{"start":{"line":115,"column":10},"end":{"line":117,"column":33}},"119":{"start":{"line":120,"column":10},"end":{"line":122,"column":33}},"120":{"start":{"line":126,"column":6},"end":{"line":126,"column":19}},"121":{"start":{"line":130,"column":6},"end":{"line":130,"column":18}},"122":{"start":{"line":134,"column":6},"end":{"line":134,"column":79}},"123":{"start":{"line":135,"column":6},"end":{"line":135,"column":54}},"124":{"start":{"line":136,"column":6},"end":{"line":138,"column":53}},"125":{"start":{"line":137,"column":8},"end":{"line":137,"column":77}},"126":{"start":{"line":138,"column":8},"end":{"line":138,"column":52}},"127":{"start":{"line":140,"column":6},"end":{"line":146,"column":30}},"128":{"start":{"line":152,"column":6},"end":{"line":152,"column":74}},"129":{"start":{"line":153,"column":6},"end":{"line":156,"column":25}},"130":{"start":{"line":161,"column":6},"end":{"line":161,"column":152}},"131":{"start":{"line":161,"column":158},"end":{"line":161,"column":184}},"132":{"start":{"line":161,"column":215},"end":{"line":166,"column":85}}},"branchMap":{"1":{"line":1,"type":"binary-expr","locations":[{"start":{"line":1,"column":155},"end":{"line":1,"column":168}},{"start":{"line":1,"column":172},"end":{"line":1,"column":386}}]},"2":{"line":1,"type":"if","locations":[{"start":{"line":1,"column":286},"end":{"line":1,"column":286}},{"start":{"line":1,"column":286},"end":{"line":1,"column":286}}]},"3":{"line":1,"type":"if","locations":[{"start":{"line":1,"column":625},"end":{"line":1,"column":625}},{"start":{"line":1,"column":625},"end":{"line":1,"column":625}}]},"4":{"line":1,"type":"binary-expr","locations":[{"start":{"line":1,"column":629},"end":{"line":1,"column":630}},{"start":{"line":1,"column":634},"end":{"line":1,"column":651}}]},"5":{"line":1,"type":"if","locations":[{"start":{"line":1,"column":710},"end":{"line":1,"column":710}},{"start":{"line":1,"column":710},"end":{"line":1,"column":710}}]},"6":{"line":1,"type":"binary-expr","locations":[{"start":{"line":1,"column":714},"end":{"line":1,"column":717}},{"start":{"line":1,"column":721},"end":{"line":1,"column":733}}]},"7":{"line":1,"type":"if","locations":[{"start":{"line":1,"column":761},"end":{"line":1,"column":761}},{"start":{"line":1,"column":761},"end":{"line":1,"column":761}}]},"8":{"line":1,"type":"if","locations":[{"start":{"line":1,"column":819},"end":{"line":1,"column":819}},{"start":{"line":1,"column":819},"end":{"line":1,"column":819}}]},"9":{"line":1,"type":"if","locations":[{"start":{"line":1,"column":862},"end":{"line":1,"column":862}},{"start":{"line":1,"column":862},"end":{"line":1,"column":862}}]},"10":{"line":1,"type":"binary-expr","locations":[{"start":{"line":1,"column":1183},"end":{"line":1,"column":1204}},{"start":{"line":1,"column":1208},"end":{"line":1,"column":1213}}]},"11":{"line":1,"type":"if","locations":[{"start":{"line":1,"column":1245},"end":{"line":1,"column":1245}},{"start":{"line":1,"column":1245},"end":{"line":1,"column":1245}}]},"12":{"line":1,"type":"if","locations":[{"start":{"line":1,"column":1415},"end":{"line":1,"column":1415}},{"start":{"line":1,"column":1415},"end":{"line":1,"column":1415}}]},"13":{"line":1,"type":"if","locations":[{"start":{"line":1,"column":1483},"end":{"line":1,"column":1483}},{"start":{"line":1,"column":1483},"end":{"line":1,"column":1483}}]},"14":{"line":5,"type":"cond-expr","locations":[{"start":{"line":5,"column":232},"end":{"line":5,"column":235}},{"start":{"line":5,"column":238},"end":{"line":5,"column":254}}]},"15":{"line":5,"type":"binary-expr","locations":[{"start":{"line":5,"column":208},"end":{"line":5,"column":211}},{"start":{"line":5,"column":215},"end":{"line":5,"column":229}}]},"16":{"line":5,"type":"if","locations":[{"start":{"line":5,"column":305},"end":{"line":5,"column":305}},{"start":{"line":5,"column":305},"end":{"line":5,"column":305}}]},"17":{"line":38,"type":"if","locations":[{"start":{"line":38,"column":6},"end":{"line":38,"column":6}},{"start":{"line":38,"column":6},"end":{"line":38,"column":6}}]},"18":{"line":49,"type":"cond-expr","locations":[{"start":{"line":49,"column":38},"end":{"line":49,"column":44},"skip":true},{"start":{"line":49,"column":73},"end":{"line":49,"column":85},"skip":true}]},"19":{"line":50,"type":"cond-expr","locations":[{"start":{"line":50,"column":43},"end":{"line":50,"column":49},"skip":true},{"start":{"line":50,"column":78},"end":{"line":50,"column":95},"skip":true}]},"20":{"line":60,"type":"if","locations":[{"start":{"line":60,"column":6},"end":{"line":60,"column":6}},{"start":{"line":60,"column":6},"end":{"line":60,"column":6}}]},"21":{"line":62,"type":"if","locations":[{"start":{"line":62,"column":8},"end":{"line":62,"column":8}},{"start":{"line":62,"column":8},"end":{"line":62,"column":8}}]},"22":{"line":62,"type":"binary-expr","locations":[{"start":{"line":62,"column":39},"end":{"line":62,"column":96}},{"start":{"line":62,"column":100},"end":{"line":62,"column":127}},{"start":{"line":62,"column":131},"end":{"line":62,"column":177}}]},"23":{"line":97,"type":"binary-expr","locations":[{"start":{"line":97,"column":13},"end":{"line":97,"column":37}},{"start":{"line":97,"column":41},"end":{"line":97,"column":67}}]},"24":{"line":99,"type":"if","locations":[{"start":{"line":99,"column":8},"end":{"line":99,"column":8}},{"start":{"line":99,"column":8},"end":{"line":99,"column":8}}]},"25":{"line":104,"type":"if","locations":[{"start":{"line":104,"column":8},"end":{"line":104,"column":8}},{"start":{"line":104,"column":8},"end":{"line":104,"column":8}}]},"26":{"line":109,"type":"if","locations":[{"start":{"line":109,"column":8},"end":{"line":109,"column":8}},{"start":{"line":109,"column":8},"end":{"line":109,"column":8}}]},"27":{"line":114,"type":"if","locations":[{"start":{"line":114,"column":8},"end":{"line":114,"column":8}},{"start":{"line":114,"column":8},"end":{"line":114,"column":8}}]}},"l":{"1":21,"2":3,"4":3,"5":12,"9":3,"10":3,"12":3,"13":3,"15":3,"16":3,"17":3,"19":3,"20":3,"22":3,"23":3,"25":3,"26":3,"27":3,"29":3,"30":0,"31":0,"32":3,"37":8,"38":8,"39":4,"44":4,"45":4,"46":4,"59":2,"60":2,"61":2,"62":2,"63":1,"64":1,"75":1,"76":1,"87":2,"88":2,"94":9,"95":9,"96":9,"97":9,"98":301,"99":301,"100":25,"104":276,"105":25,"109":251,"110":25,"114":226,"115":126,"120":100,"126":9,"130":301,"134":2,"135":2,"136":2,"137":0,"138":0,"140":2,"152":7,"153":7,"161":9}},
"/home/myles/Documents/score-fluent/src/client/logic/actions/GameActions.js":{"path":"/home/myles/Documents/score-fluent/src/client/logic/actions/GameActions.js","s":{"1":3,"2":3,"3":3,"4":3,"5":3,"6":3},"b":{"1":[3,0],"2":[3,3]},"f":{"1":3},"fnMap":{"1":{"name":"_interopRequireDefault","line":1,"loc":{"start":{"line":1,"column":229},"end":{"line":1,"column":266}}}},"statementMap":{"1":{"start":{"line":1,"column":39},"end":{"line":1,"column":101},"skip":true},"2":{"start":{"line":1,"column":101},"end":{"line":1,"column":161}},"3":{"start":{"line":1,"column":188},"end":{"line":1,"column":229}},"4":{"start":{"line":1,"column":229},"end":{"line":1,"column":322}},"5":{"start":{"line":1,"column":267},"end":{"line":1,"column":321}},"6":{"start":{"line":1,"column":322},"end":{"line":5,"column":16}}},"branchMap":{"1":{"line":1,"type":"cond-expr","locations":[{"start":{"line":1,"column":298},"end":{"line":1,"column":301}},{"start":{"line":1,"column":304},"end":{"line":1,"column":320}}]},"2":{"line":1,"type":"binary-expr","locations":[{"start":{"line":1,"column":274},"end":{"line":1,"column":277}},{"start":{"line":1,"column":281},"end":{"line":1,"column":295}}]}},"l":{"1":3}},
"/home/myles/Documents/score-fluent/src/client/logic/stores/AuthStore.js":{"path":"/home/myles/Documents/score-fluent/src/client/logic/stores/AuthStore.js","s":{"1":3,"2":3,"3":2,"4":3,"5":9,"6":9,"7":9,"8":9,"9":9,"10":9,"11":3,"12":3,"13":3,"14":3,"15":0,"16":3,"17":3,"18":3,"19":3,"20":3,"21":2,"22":6,"23":2,"24":3,"25":0,"26":3,"27":2,"28":3,"29":3,"30":3,"31":3,"32":3,"33":3,"34":0,"35":3,"36":3,"37":2,"38":2,"39":2,"40":2,"41":1,"42":1,"43":2,"44":1,"45":1,"46":2,"47":2,"48":0,"49":3,"50":3},"b":{"1":[9,9],"2":[9,0],"3":[3,0],"4":[0,3],"5":[4,2],"6":[6,6],"7":[0,3],"8":[3,2],"9":[0,2],"10":[1,1]},"f":{"1":3,"2":3,"3":3,"4":6,"5":3,"6":3,"7":3,"8":0,"9":3,"10":2,"11":1,"12":2},"fnMap":{"1":{"name":"(anonymous_1)","line":1,"loc":{"start":{"line":1,"column":120},"end":{"line":1,"column":132}}},"2":{"name":"defineProperties","line":1,"loc":{"start":{"line":1,"column":133},"end":{"line":1,"column":174}}},"3":{"name":"(anonymous_3)","line":1,"loc":{"start":{"line":1,"column":448},"end":{"line":1,"column":496}}},"4":{"name":"_interopRequireDefault","line":3,"loc":{"start":{"line":3,"column":163},"end":{"line":3,"column":200}}},"5":{"name":"_classCallCheck","line":3,"loc":{"start":{"line":3,"column":256},"end":{"line":3,"column":304}}},"6":{"name":"(anonymous_6)","line":5,"loc":{"start":{"line":5,"column":12},"end":{"line":5,"column":24}}},"7":{"name":"AuthStore","line":7,"loc":{"start":{"line":7,"column":2},"end":{"line":7,"column":49}}},"8":{"name":"getUrl","line":14,"loc":{"start":{"line":14,"column":14},"end":{"line":14,"column":58}}},"9":{"name":"getPayload","line":15,"loc":{"start":{"line":15,"column":18},"end":{"line":15,"column":66}}},"10":{"name":"init","line":22,"loc":{"start":{"line":22,"column":49},"end":{"line":23,"column":4}}},"11":{"name":"logout","line":34,"loc":{"start":{"line":34,"column":81},"end":{"line":37,"column":4}}},"12":{"name":"_getLocalToken","line":45,"loc":{"start":{"line":45,"column":37},"end":{"line":46,"column":4}}}},"statementMap":{"1":{"start":{"line":1,"column":39},"end":{"line":1,"column":101},"skip":true},"2":{"start":{"line":1,"column":101},"end":{"line":1,"column":650}},"3":{"start":{"line":1,"column":133},"end":{"line":1,"column":441}},"4":{"start":{"line":1,"column":175},"end":{"line":1,"column":440}},"5":{"start":{"line":1,"column":215},"end":{"line":1,"column":241}},"6":{"start":{"line":1,"column":241},"end":{"line":1,"column":296}},"7":{"start":{"line":1,"column":296},"end":{"line":1,"column":327}},"8":{"start":{"line":1,"column":327},"end":{"line":1,"column":381}},"9":{"start":{"line":1,"column":354},"end":{"line":1,"column":381}},"10":{"start":{"line":1,"column":381},"end":{"line":1,"column":439}},"11":{"start":{"line":1,"column":441},"end":{"line":1,"column":646}},"12":{"start":{"line":1,"column":497},"end":{"line":1,"column":565}},"13":{"start":{"line":1,"column":513},"end":{"line":1,"column":565}},"14":{"start":{"line":1,"column":565},"end":{"line":1,"column":625}},"15":{"start":{"line":1,"column":582},"end":{"line":1,"column":625}},"16":{"start":{"line":1,"column":625},"end":{"line":1,"column":644}},"17":{"start":{"line":1,"column":650},"end":{"line":1,"column":710}},"18":{"start":{"line":1,"column":737},"end":{"line":1,"column":778}},"19":{"start":{"line":3,"column":0},"end":{"line":3,"column":79}},"20":{"start":{"line":3,"column":106},"end":{"line":3,"column":163}},"21":{"start":{"line":3,"column":163},"end":{"line":3,"column":256}},"22":{"start":{"line":3,"column":201},"end":{"line":3,"column":255}},"23":{"start":{"line":3,"column":256},"end":{"line":3,"column":405}},"24":{"start":{"line":3,"column":305},"end":{"line":3,"column":404}},"25":{"start":{"line":3,"column":346},"end":{"line":3,"column":403}},"26":{"start":{"line":3,"column":405},"end":{"line":50,"column":48}},"27":{"start":{"line":7,"column":2},"end":{"line":15,"column":130}},"28":{"start":{"line":7,"column":76},"end":{"line":7,"column":93}},"29":{"start":{"line":7,"column":93},"end":{"line":7,"column":126}},"30":{"start":{"line":8,"column":4},"end":{"line":8,"column":71}},"31":{"start":{"line":10,"column":4},"end":{"line":10,"column":20}},"32":{"start":{"line":11,"column":4},"end":{"line":11,"column":24}},"33":{"start":{"line":13,"column":4},"end":{"line":15,"column":129}},"34":{"start":{"line":14,"column":59},"end":{"line":14,"column":104}},"35":{"start":{"line":15,"column":67},"end":{"line":15,"column":124}},"36":{"start":{"line":22,"column":2},"end":{"line":50,"column":27}},"37":{"start":{"line":24,"column":6},"end":{"line":24,"column":112}},"38":{"start":{"line":25,"column":6},"end":{"line":25,"column":53}},"39":{"start":{"line":27,"column":6},"end":{"line":27,"column":45}},"40":{"start":{"line":28,"column":6},"end":{"line":31,"column":62}},"41":{"start":{"line":29,"column":8},"end":{"line":29,"column":23}},"42":{"start":{"line":31,"column":8},"end":{"line":31,"column":61}},"43":{"start":{"line":34,"column":6},"end":{"line":34,"column":52}},"44":{"start":{"line":38,"column":6},"end":{"line":38,"column":39}},"45":{"start":{"line":39,"column":6},"end":{"line":39,"column":39}},"46":{"start":{"line":47,"column":6},"end":{"line":50,"column":21}},"47":{"start":{"line":48,"column":8},"end":{"line":48,"column":45}},"48":{"start":{"line":50,"column":8},"end":{"line":50,"column":20}},"49":{"start":{"line":50,"column":27},"end":{"line":50,"column":44}},"50":{"start":{"line":50,"column":75},"end":{"line":56,"column":76}}},"branchMap":{"1":{"line":1,"type":"binary-expr","locations":[{"start":{"line":1,"column":265},"end":{"line":1,"column":286}},{"start":{"line":1,"column":290},"end":{"line":1,"column":295}}]},"2":{"line":1,"type":"if","locations":[{"start":{"line":1,"column":327},"end":{"line":1,"column":327}},{"start":{"line":1,"column":327},"end":{"line":1,"column":327}}]},"3":{"line":1,"type":"if","locations":[{"start":{"line":1,"column":497},"end":{"line":1,"column":497}},{"start":{"line":1,"column":497},"end":{"line":1,"column":497}}]},"4":{"line":1,"type":"if","locations":[{"start":{"line":1,"column":565},"end":{"line":1,"column":565}},{"start":{"line":1,"column":565},"end":{"line":1,"column":565}}]},"5":{"line":3,"type":"cond-expr","locations":[{"start":{"line":3,"column":232},"end":{"line":3,"column":235}},{"start":{"line":3,"column":238},"end":{"line":3,"column":254}}]},"6":{"line":3,"type":"binary-expr","locations":[{"start":{"line":3,"column":208},"end":{"line":3,"column":211}},{"start":{"line":3,"column":215},"end":{"line":3,"column":229}}]},"7":{"line":3,"type":"if","locations":[{"start":{"line":3,"column":305},"end":{"line":3,"column":305}},{"start":{"line":3,"column":305},"end":{"line":3,"column":305}}]},"8":{"line":15,"type":"binary-expr","locations":[{"start":{"line":15,"column":101},"end":{"line":15,"column":114}},{"start":{"line":15,"column":118},"end":{"line":15,"column":122}}]},"9":{"line":24,"type":"cond-expr","locations":[{"start":{"line":24,"column":63},"end":{"line":24,"column":86}},{"start":{"line":24,"column":89},"end":{"line":24,"column":111}}]},"10":{"line":28,"type":"if","locations":[{"start":{"line":28,"column":6},"end":{"line":28,"column":6}},{"start":{"line":28,"column":6},"end":{"line":28,"column":6}}]}},"l":{"1":9,"3":6,"7":3,"8":3,"10":3,"11":3,"13":3,"14":0,"15":3,"22":3,"24":2,"25":2,"27":2,"28":2,"29":1,"31":1,"34":2,"38":1,"39":1,"47":2,"48":2,"50":3}},
"/home/myles/Documents/score-fluent/src/client/logic/stores/MenuStore.js":{"path":"/home/myles/Documents/score-fluent/src/client/logic/stores/MenuStore.js","s":{"1":1,"2":1,"3":1,"4":0,"5":0,"6":0,"7":0,"8":0,"9":0,"10":1,"11":1,"12":0,"13":0,"14":0,"15":0,"16":0,"17":0,"18":0,"19":0,"20":0,"21":0,"22":0,"23":0,"24":0,"25":0,"26":0,"27":0,"28":0,"29":1,"30":2,"31":2,"32":0,"33":0,"34":0,"35":1,"36":1,"37":1,"38":12,"39":12,"40":12,"41":12,"42":12,"43":12,"44":1,"45":1,"46":1,"47":1,"48":0,"49":1,"50":1,"51":1,"52":1,"53":1,"54":1,"55":1,"56":1,"57":3,"58":1,"59":1,"60":0,"61":1,"62":1,"63":1,"64":1,"65":1,"66":1,"67":1,"68":1,"69":1,"70":1,"71":1,"72":2,"73":1,"74":1,"75":0,"76":2,"77":2,"78":2,"79":2,"80":0,"81":0,"82":1,"83":1,"84":1,"85":1,"86":0,"87":0,"88":0,"89":0,"90":1,"91":1,"92":3,"93":1,"94":1,"95":3,"96":1,"97":1,"98":1,"99":0,"100":7,"101":35,"102":7,"103":6,"104":30,"105":6,"106":1,"107":6,"108":6,"109":6,"110":6,"111":28,"112":25,"113":6,"114":1,"115":1,"116":1,"117":1,"118":0,"119":1,"120":1},"b":{"1":[1,0],"2":[0,0],"3":[0,0],"4":[0,0],"5":[0,0],"6":[0,0],"7":[0,0],"8":[2,0],"9":[0,0],"10":[12,12],"11":[12,0],"12":[1,0],"13":[0,1],"14":[2,1],"15":[3,3],"16":[0,1],"17":[1,1],"18":[0,1,1,0,0],"19":[1,0],"20":[6,1],"21":[7,1],"22":[6,24],"23":[2,4],"24":[2,4]},"f":{"1":0,"2":1,"3":0,"4":2,"5":1,"6":1,"7":1,"8":3,"9":1,"10":1,"11":1,"12":2,"13":0,"14":2,"15":1,"16":3,"17":3,"18":1,"19":7,"20":35,"21":30,"22":1,"23":6,"24":6,"25":28,"26":25,"27":1,"28":1,"29":1,"30":1,"31":0},"fnMap":{"1":{"name":"(anonymous_1)","line":1,"loc":{"start":{"line":1,"column":172},"end":{"line":1,"column":190}}},"2":{"name":"(anonymous_2)","line":1,"loc":{"start":{"line":1,"column":408},"end":{"line":1,"column":420}}},"3":{"name":"sliceIterator","line":1,"loc":{"start":{"line":1,"column":421},"end":{"line":1,"column":452}}},"4":{"name":"(anonymous_4)","line":1,"loc":{"start":{"line":1,"column":800},"end":{"line":1,"column":818}}},"5":{"name":"(anonymous_5)","line":1,"loc":{"start":{"line":1,"column":1038},"end":{"line":1,"column":1050}}},"6":{"name":"defineProperties","line":1,"loc":{"start":{"line":1,"column":1051},"end":{"line":1,"column":1092}}},"7":{"name":"(anonymous_7)","line":1,"loc":{"start":{"line":1,"column":1366},"end":{"line":1,"column":1414}}},"8":{"name":"_interopRequireDefault","line":4,"loc":{"start":{"line":4,"column":163},"end":{"line":4,"column":200}}},"9":{"name":"_classCallCheck","line":4,"loc":{"start":{"line":4,"column":256},"end":{"line":4,"column":304}}},"10":{"name":"(anonymous_10)","line":6,"loc":{"start":{"line":6,"column":50},"end":{"line":6,"column":62}}},"11":{"name":"UnwrappedMenuStore","line":8,"loc":{"start":{"line":8,"column":2},"end":{"line":8,"column":58}}},"12":{"name":"init","line":23,"loc":{"start":{"line":23,"column":58},"end":{"line":24,"column":13}}},"13":{"name":"registerLoginSuccess","line":26,"loc":{"start":{"line":26,"column":74},"end":{"line":29,"column":13}}},"14":{"name":"btnClick","line":30,"loc":{"start":{"line":30,"column":68},"end":{"line":33,"column":4}}},"15":{"name":"chooseOption","line":49,"loc":{"start":{"line":49,"column":52},"end":{"line":53,"column":12}}},"16":{"name":"(anonymous_16)","line":54,"loc":{"start":{"line":54,"column":40},"end":{"line":54,"column":82}}},"17":{"name":"(anonymous_17)","line":56,"loc":{"start":{"line":56,"column":35},"end":{"line":56,"column":51}}},"18":{"name":"(anonymous_18)","line":60,"loc":{"start":{"line":60,"column":19},"end":{"line":60,"column":31}}},"19":{"name":"toggleOption","line":64,"loc":{"start":{"line":64,"column":78},"end":{"line":68,"column":12}}},"20":{"name":"(anonymous_20)","line":69,"loc":{"start":{"line":69,"column":42},"end":{"line":69,"column":84}}},"21":{"name":"(anonymous_21)","line":71,"loc":{"start":{"line":71,"column":35},"end":{"line":71,"column":51}}},"22":{"name":"submitOptions","line":74,"loc":{"start":{"line":74,"column":77},"end":{"line":78,"column":4}}},"23":{"name":"_animateMenu","line":88,"loc":{"start":{"line":88,"column":35},"end":{"line":88,"column":86}}},"24":{"name":"(anonymous_24)","line":90,"loc":{"start":{"line":90,"column":17},"end":{"line":90,"column":29}}},"25":{"name":"(anonymous_25)","line":91,"loc":{"start":{"line":91,"column":43},"end":{"line":91,"column":85}}},"26":{"name":"(anonymous_26)","line":91,"loc":{"start":{"line":91,"column":115},"end":{"line":91,"column":157}}},"27":{"name":"_setLoggedOutMenu","line":109,"loc":{"start":{"line":109,"column":40},"end":{"line":110,"column":4}}},"28":{"name":"_setLoggedInMenu","line":116,"loc":{"start":{"line":116,"column":87},"end":{"line":120,"column":13}}},"29":{"name":"_setModeMenu","line":126,"loc":{"start":{"line":126,"column":79},"end":{"line":130,"column":13}}},"30":{"name":"_setClefsMenu","line":145,"loc":{"start":{"line":145,"column":50},"end":{"line":148,"column":13}}},"31":{"name":"_setDifficultyMenu","line":188,"loc":{"start":{"line":188,"column":41},"end":{"line":189,"column":13}}}},"statementMap":{"1":{"start":{"line":1,"column":39},"end":{"line":1,"column":101},"skip":true},"2":{"start":{"line":1,"column":101},"end":{"line":1,"column":140}},"3":{"start":{"line":1,"column":140},"end":{"line":1,"column":387}},"4":{"start":{"line":1,"column":191},"end":{"line":1,"column":371}},"5":{"start":{"line":1,"column":235},"end":{"line":1,"column":261}},"6":{"start":{"line":1,"column":261},"end":{"line":1,"column":370}},"7":{"start":{"line":1,"column":286},"end":{"line":1,"column":369}},"8":{"start":{"line":1,"column":342},"end":{"line":1,"column":368}},"9":{"start":{"line":1,"column":371},"end":{"line":1,"column":385}},"10":{"start":{"line":1,"column":387},"end":{"line":1,"column":1019}},"11":{"start":{"line":1,"column":421},"end":{"line":1,"column":793}},"12":{"start":{"line":1,"column":453},"end":{"line":1,"column":467}},"13":{"start":{"line":1,"column":467},"end":{"line":1,"column":481}},"14":{"start":{"line":1,"column":481},"end":{"line":1,"column":496}},"15":{"start":{"line":1,"column":496},"end":{"line":1,"column":515}},"16":{"start":{"line":1,"column":515},"end":{"line":1,"column":780}},"17":{"start":{"line":1,"column":520},"end":{"line":1,"column":660}},"18":{"start":{"line":1,"column":605},"end":{"line":1,"column":625}},"19":{"start":{"line":1,"column":625},"end":{"line":1,"column":659}},"20":{"start":{"line":1,"column":653},"end":{"line":1,"column":659}},"21":{"start":{"line":1,"column":675},"end":{"line":1,"column":685}},"22":{"start":{"line":1,"column":685},"end":{"line":1,"column":694}},"23":{"start":{"line":1,"column":705},"end":{"line":1,"column":779}},"24":{"start":{"line":1,"column":710},"end":{"line":1,"column":750}},"25":{"start":{"line":1,"column":735},"end":{"line":1,"column":750}},"26":{"start":{"line":1,"column":761},"end":{"line":1,"column":778}},"27":{"start":{"line":1,"column":769},"end":{"line":1,"column":778}},"28":{"start":{"line":1,"column":780},"end":{"line":1,"column":792}},"29":{"start":{"line":1,"column":793},"end":{"line":1,"column":1015}},"30":{"start":{"line":1,"column":819},"end":{"line":1,"column":1013}},"31":{"start":{"line":1,"column":844},"end":{"line":1,"column":855}},"32":{"start":{"line":1,"column":862},"end":{"line":1,"column":1013}},"33":{"start":{"line":1,"column":899},"end":{"line":1,"column":928}},"34":{"start":{"line":1,"column":936},"end":{"line":1,"column":1012}},"35":{"start":{"line":1,"column":1019},"end":{"line":1,"column":1568}},"36":{"start":{"line":1,"column":1051},"end":{"line":1,"column":1359}},"37":{"start":{"line":1,"column":1093},"end":{"line":1,"column":1358}},"38":{"start":{"line":1,"column":1133},"end":{"line":1,"column":1159}},"39":{"start":{"line":1,"column":1159},"end":{"line":1,"column":1214}},"40":{"start":{"line":1,"column":1214},"end":{"line":1,"column":1245}},"41":{"start":{"line":1,"column":1245},"end":{"line":1,"column":1299}},"42":{"start":{"line":1,"column":1272},"end":{"line":1,"column":1299}},"43":{"start":{"line":1,"column":1299},"end":{"line":1,"column":1357}},"44":{"start":{"line":1,"column":1359},"end":{"line":1,"column":1564}},"45":{"start":{"line":1,"column":1415},"end":{"line":1,"column":1483}},"46":{"start":{"line":1,"column":1431},"end":{"line":1,"column":1483}},"47":{"start":{"line":1,"column":1483},"end":{"line":1,"column":1543}},"48":{"start":{"line":1,"column":1500},"end":{"line":1,"column":1543}},"49":{"start":{"line":1,"column":1543},"end":{"line":1,"column":1562}},"50":{"start":{"line":1,"column":1568},"end":{"line":1,"column":1628}},"51":{"start":{"line":1,"column":1655},"end":{"line":1,"column":1696}},"52":{"start":{"line":2,"column":0},"end":{"line":2,"column":58}},"53":{"start":{"line":2,"column":85},"end":{"line":2,"column":132}},"54":{"start":{"line":4,"column":0},"end":{"line":4,"column":79}},"55":{"start":{"line":4,"column":106},"end":{"line":4,"column":163}},"56":{"start":{"line":4,"column":163},"end":{"line":4,"column":256}},"57":{"start":{"line":4,"column":201},"end":{"line":4,"column":255}},"58":{"start":{"line":4,"column":256},"end":{"line":4,"column":405}},"59":{"start":{"line":4,"column":305},"end":{"line":4,"column":404}},"60":{"start":{"line":4,"column":346},"end":{"line":4,"column":403}},"61":{"start":{"line":4,"column":405},"end":{"line":210,"column":56}},"62":{"start":{"line":8,"column":2},"end":{"line":17,"column":34}},"63":{"start":{"line":8,"column":85},"end":{"line":8,"column":127}},"64":{"start":{"line":9,"column":4},"end":{"line":9,"column":71}},"65":{"start":{"line":11,"column":4},"end":{"line":11,"column":24}},"66":{"start":{"line":12,"column":4},"end":{"line":12,"column":20}},"67":{"start":{"line":13,"column":4},"end":{"line":13,"column":29}},"68":{"start":{"line":14,"column":4},"end":{"line":14,"column":25}},"69":{"start":{"line":16,"column":4},"end":{"line":16,"column":26}},"70":{"start":{"line":17,"column":4},"end":{"line":17,"column":33}},"71":{"start":{"line":23,"column":2},"end":{"line":210,"column":26}},"72":{"start":{"line":25,"column":6},"end":{"line":26,"column":31}},"73":{"start":{"line":25,"column":19},"end":{"line":25,"column":50}},"74":{"start":{"line":26,"column":6},"end":{"line":26,"column":31}},"75":{"start":{"line":30,"column":6},"end":{"line":30,"column":37}},"76":{"start":{"line":33,"column":31},"end":{"line":33,"column":67}},"77":{"start":{"line":33,"column":67},"end":{"line":33,"column":90}},"78":{"start":{"line":33,"column":117},"end":{"line":33,"column":143}},"79":{"start":{"line":34,"column":6},"end":{"line":49,"column":17}},"80":{"start":{"line":36,"column":10},"end":{"line":36,"column":35}},"81":{"start":{"line":37,"column":10},"end":{"line":37,"column":16}},"82":{"start":{"line":39,"column":10},"end":{"line":39,"column":40}},"83":{"start":{"line":40,"column":10},"end":{"line":40,"column":16}},"84":{"start":{"line":42,"column":10},"end":{"line":42,"column":41}},"85":{"start":{"line":43,"column":10},"end":{"line":43,"column":16}},"86":{"start":{"line":45,"column":10},"end":{"line":45,"column":46}},"87":{"start":{"line":46,"column":10},"end":{"line":46,"column":16}},"88":{"start":{"line":48,"column":10},"end":{"line":48,"column":60}},"89":{"start":{"line":49,"column":10},"end":{"line":49,"column":16}},"90":{"start":{"line":53,"column":39},"end":{"line":53,"column":56}},"91":{"start":{"line":54,"column":6},"end":{"line":54,"column":110}},"92":{"start":{"line":54,"column":83},"end":{"line":54,"column":102},"skip":true},"93":{"start":{"line":55,"column":6},"end":{"line":64,"column":43}},"94":{"start":{"line":56,"column":8},"end":{"line":57,"column":101}},"95":{"start":{"line":57,"column":10},"end":{"line":57,"column":98}},"96":{"start":{"line":59,"column":8},"end":{"line":59,"column":40}},"97":{"start":{"line":60,"column":8},"end":{"line":62,"column":13}},"98":{"start":{"line":61,"column":36},"end":{"line":61,"column":99}},"99":{"start":{"line":64,"column":8},"end":{"line":64,"column":42}},"100":{"start":{"line":69,"column":6},"end":{"line":69,"column":107}},"101":{"start":{"line":69,"column":85},"end":{"line":69,"column":104},"skip":true},"102":{"start":{"line":70,"column":6},"end":{"line":74,"column":41}},"103":{"start":{"line":71,"column":8},"end":{"line":72,"column":130}},"104":{"start":{"line":72,"column":10},"end":{"line":72,"column":127}},"105":{"start":{"line":74,"column":8},"end":{"line":74,"column":40}},"106":{"start":{"line":79,"column":6},"end":{"line":79,"column":40}},"107":{"start":{"line":88,"column":113},"end":{"line":88,"column":131}},"108":{"start":{"line":89,"column":6},"end":{"line":89,"column":35}},"109":{"start":{"line":90,"column":6},"end":{"line":100,"column":30}},"110":{"start":{"line":91,"column":8},"end":{"line":91,"column":180}},"111":{"start":{"line":91,"column":86},"end":{"line":91,"column":108},"skip":true},"112":{"start":{"line":91,"column":158},"end":{"line":91,"column":177},"skip":true},"113":{"start":{"line":92,"column":34},"end":{"line":98,"column":30}},"114":{"start":{"line":111,"column":6},"end":{"line":116,"column":48}},"115":{"start":{"line":121,"column":6},"end":{"line":126,"column":44}},"116":{"start":{"line":131,"column":6},"end":{"line":145,"column":14}},"117":{"start":{"line":149,"column":6},"end":{"line":175,"column":21}},"118":{"start":{"line":190,"column":6},"end":{"line":210,"column":20}},"119":{"start":{"line":210,"column":26},"end":{"line":210,"column":52}},"120":{"start":{"line":210,"column":83},"end":{"line":214,"column":85}}},"branchMap":{"1":{"line":1,"type":"binary-expr","locations":[{"start":{"line":1,"column":155},"end":{"line":1,"column":168}},{"start":{"line":1,"column":172},"end":{"line":1,"column":386}}]},"2":{"line":1,"type":"if","locations":[{"start":{"line":1,"column":286},"end":{"line":1,"column":286}},{"start":{"line":1,"column":286},"end":{"line":1,"column":286}}]},"3":{"line":1,"type":"if","locations":[{"start":{"line":1,"column":625},"end":{"line":1,"column":625}},{"start":{"line":1,"column":625},"end":{"line":1,"column":625}}]},"4":{"line":1,"type":"binary-expr","locations":[{"start":{"line":1,"column":629},"end":{"line":1,"column":630}},{"start":{"line":1,"column":634},"end":{"line":1,"column":651}}]},"5":{"line":1,"type":"if","locations":[{"start":{"line":1,"column":710},"end":{"line":1,"column":710}},{"start":{"line":1,"column":710},"end":{"line":1,"column":710}}]},"6":{"line":1,"type":"binary-expr","locations":[{"start":{"line":1,"column":714},"end":{"line":1,"column":717}},{"start":{"line":1,"column":721},"end":{"line":1,"column":733}}]},"7":{"line":1,"type":"if","locations":[{"start":{"line":1,"column":761},"end":{"line":1,"column":761}},{"start":{"line":1,"column":761},"end":{"line":1,"column":761}}]},"8":{"line":1,"type":"if","locations":[{"start":{"line":1,"column":819},"end":{"line":1,"column":819}},{"start":{"line":1,"column":819},"end":{"line":1,"column":819}}]},"9":{"line":1,"type":"if","locations":[{"start":{"line":1,"column":862},"end":{"line":1,"column":862}},{"start":{"line":1,"column":862},"end":{"line":1,"column":862}}]},"10":{"line":1,"type":"binary-expr","locations":[{"start":{"line":1,"column":1183},"end":{"line":1,"column":1204}},{"start":{"line":1,"column":1208},"end":{"line":1,"column":1213}}]},"11":{"line":1,"type":"if","locations":[{"start":{"line":1,"column":1245},"end":{"line":1,"column":1245}},{"start":{"line":1,"column":1245},"end":{"line":1,"column":1245}}]},"12":{"line":1,"type":"if","locations":[{"start":{"line":1,"column":1415},"end":{"line":1,"column":1415}},{"start":{"line":1,"column":1415},"end":{"line":1,"column":1415}}]},"13":{"line":1,"type":"if","locations":[{"start":{"line":1,"column":1483},"end":{"line":1,"column":1483}},{"start":{"line":1,"column":1483},"end":{"line":1,"column":1483}}]},"14":{"line":4,"type":"cond-expr","locations":[{"start":{"line":4,"column":232},"end":{"line":4,"column":235}},{"start":{"line":4,"column":238},"end":{"line":4,"column":254}}]},"15":{"line":4,"type":"binary-expr","locations":[{"start":{"line":4,"column":208},"end":{"line":4,"column":211}},{"start":{"line":4,"column":215},"end":{"line":4,"column":229}}]},"16":{"line":4,"type":"if","locations":[{"start":{"line":4,"column":305},"end":{"line":4,"column":305}},{"start":{"line":4,"column":305},"end":{"line":4,"column":305}}]},"17":{"line":25,"type":"if","locations":[{"start":{"line":25,"column":6},"end":{"line":25,"column":6}},{"start":{"line":25,"column":6},"end":{"line":25,"column":6}}]},"18":{"line":34,"type":"switch","locations":[{"start":{"line":35,"column":8},"end":{"line":37,"column":16}},{"start":{"line":38,"column":8},"end":{"line":40,"column":16}},{"start":{"line":41,"column":8},"end":{"line":43,"column":16}},{"start":{"line":44,"column":8},"end":{"line":46,"column":16}},{"start":{"line":47,"column":8},"end":{"line":49,"column":16}}]},"19":{"line":55,"type":"if","locations":[{"start":{"line":55,"column":6},"end":{"line":55,"column":6}},{"start":{"line":55,"column":6},"end":{"line":55,"column":6}}]},"20":{"line":70,"type":"if","locations":[{"start":{"line":70,"column":6},"end":{"line":70,"column":6}},{"start":{"line":70,"column":6},"end":{"line":70,"column":6}}]},"21":{"line":70,"type":"binary-expr","locations":[{"start":{"line":70,"column":10},"end":{"line":70,"column":32}},{"start":{"line":70,"column":36},"end":{"line":70,"column":66}}]},"22":{"line":72,"type":"cond-expr","locations":[{"start":{"line":72,"column":96},"end":{"line":72,"column":108}},{"start":{"line":72,"column":111},"end":{"line":72,"column":122}}]},"23":{"line":95,"type":"cond-expr","locations":[{"start":{"line":95,"column":61},"end":{"line":95,"column":73}},{"start":{"line":95,"column":76},"end":{"line":95,"column":78}}]},"24":{"line":97,"type":"cond-expr","locations":[{"start":{"line":97,"column":41},"end":{"line":97,"column":56}},{"start":{"line":97,"column":59},"end":{"line":97,"column":61}}]}},"l":{"1":12,"2":1,"4":3,"8":1,"9":1,"11":1,"12":1,"13":1,"14":1,"16":1,"17":1,"23":1,"25":2,"26":1,"30":0,"33":2,"34":2,"36":0,"37":0,"39":1,"40":1,"42":1,"43":1,"45":0,"46":0,"48":0,"49":0,"53":1,"54":3,"55":1,"56":1,"57":3,"59":1,"60":1,"61":1,"64":0,"69":35,"70":7,"71":6,"72":30,"74":6,"79":1,"88":6,"89":6,"90":6,"91":28,"92":6,"111":1,"121":1,"131":1,"149":1,"190":0,"210":1}}}
