TN:
SF:/home/myles/Documents/score-fluent/src/client/logic/libs/alt.js
FN:1,_interopRequireDefault
FNF:1
FNH:1
FNDA:1,_interopRequireDefault
DA:1,1
DA:3,1
DA:4,1
LF:3
LH:3
BRDA:1,1,0,0
BRDA:1,1,1,1
BRDA:1,2,0,1
BRDA:1,2,1,1
BRF:4
BRH:3
end_of_record
TN:
SF:/home/myles/Documents/score-fluent/src/client/logic/actions/__mocks__/MenuActions.js
FN:3,_interopRequireDefault
FNF:1
FNH:1
FNDA:1,_interopRequireDefault
DA:1,1
DA:3,1
LF:2
LH:2
BRDA:3,1,0,1
BRDA:3,1,1,0
BRDA:3,2,0,1
BRDA:3,2,1,1
BRF:4
BRH:3
end_of_record
TN:
SF:/home/myles/Documents/score-fluent/src/client/logic/stores/MenuStore.js
FN:1,(anonymous_1)
FN:1,(anonymous_2)
FN:1,sliceIterator
FN:1,(anonymous_4)
FN:1,(anonymous_5)
FN:1,defineProperties
FN:1,(anonymous_7)
FN:4,_interopRequireDefault
FN:4,_classCallCheck
FN:6,(anonymous_10)
FN:8,UnwrappedMenuStore
FN:24,init
FN:27,registerLoginSuccess
FN:31,btnClick
FN:50,chooseOption
FN:55,(anonymous_16)
FN:57,(anonymous_17)
FN:61,(anonymous_18)
FN:65,toggleOption
FN:70,(anonymous_20)
FN:73,submitOptions
FN:83,_optionsChanged
FN:85,(anonymous_23)
FN:85,(anonymous_24)
FN:91,_animateMenu
FN:93,(anonymous_26)
FN:94,(anonymous_27)
FN:94,(anonymous_28)
FN:112,_setLoggedOutMenu
FN:119,_setLoggedInMenu
FN:129,_setModeMenu
FN:148,_setClefsMenu
FN:191,_setDifficultyMenu
FNF:33
FNH:14
FNDA:0,(anonymous_1)
FNDA:1,(anonymous_2)
FNDA:0,sliceIterator
FNDA:0,(anonymous_4)
FNDA:1,(anonymous_5)
FNDA:1,defineProperties
FNDA:1,(anonymous_7)
FNDA:3,_interopRequireDefault
FNDA:1,_classCallCheck
FNDA:1,(anonymous_10)
FNDA:1,UnwrappedMenuStore
FNDA:1,init
FNDA:0,registerLoginSuccess
FNDA:0,btnClick
FNDA:0,chooseOption
FNDA:0,(anonymous_16)
FNDA:0,(anonymous_17)
FNDA:0,(anonymous_18)
FNDA:0,toggleOption
FNDA:0,(anonymous_20)
FNDA:0,submitOptions
FNDA:0,_optionsChanged
FNDA:0,(anonymous_23)
FNDA:0,(anonymous_24)
FNDA:1,_animateMenu
FNDA:1,(anonymous_26)
FNDA:5,(anonymous_27)
FNDA:4,(anonymous_28)
FNDA:0,_setLoggedOutMenu
FNDA:1,_setLoggedInMenu
FNDA:0,_setModeMenu
FNDA:0,_setClefsMenu
FNDA:0,_setDifficultyMenu
DA:1,13
DA:2,1
DA:4,3
DA:8,1
DA:9,1
DA:11,1
DA:12,1
DA:13,1
DA:14,1
DA:15,1
DA:17,1
DA:18,1
DA:24,1
DA:26,1
DA:27,0
DA:31,0
DA:34,0
DA:35,0
DA:37,0
DA:38,0
DA:40,0
DA:41,0
DA:43,0
DA:44,0
DA:46,0
DA:47,0
DA:49,0
DA:50,0
DA:54,0
DA:55,1
DA:56,0
DA:57,0
DA:58,0
DA:60,0
DA:61,0
DA:62,0
DA:65,0
DA:70,0
DA:71,0
DA:73,0
DA:77,0
DA:85,1
DA:86,0
DA:91,1
DA:92,1
DA:93,1
DA:94,5
DA:95,1
DA:114,0
DA:124,1
DA:134,0
DA:152,0
DA:193,0
DA:213,1
LF:54
LH:23
BRDA:1,1,0,1
BRDA:1,1,1,0
BRDA:1,2,0,0
BRDA:1,2,1,0
BRDA:1,3,0,0
BRDA:1,3,1,0
BRDA:1,4,0,0
BRDA:1,4,1,0
BRDA:1,5,0,0
BRDA:1,5,1,0
BRDA:1,6,0,0
BRDA:1,6,1,0
BRDA:1,7,0,0
BRDA:1,7,1,0
BRDA:1,8,0,0
BRDA:1,8,1,0
BRDA:1,9,0,0
BRDA:1,9,1,0
BRDA:1,10,0,13
BRDA:1,10,1,13
BRDA:1,11,0,13
BRDA:1,11,1,0
BRDA:1,12,0,1
BRDA:1,12,1,0
BRDA:1,13,0,0
BRDA:1,13,1,1
BRDA:4,14,0,2
BRDA:4,14,1,1
BRDA:4,15,0,3
BRDA:4,15,1,3
BRDA:4,16,0,0
BRDA:4,16,1,1
BRDA:26,17,0,1
BRDA:26,17,1,0
BRDA:35,18,0,0
BRDA:35,18,1,0
BRDA:35,18,2,0
BRDA:35,18,3,0
BRDA:35,18,4,0
BRDA:56,19,0,0
BRDA:56,19,1,0
BRDA:71,20,0,0
BRDA:71,20,1,0
BRDA:98,21,0,0
BRDA:98,21,1,1
BRDA:100,22,0,0
BRDA:100,22,1,1
BRF:47
BRH:14
end_of_record
