TN:
SF:/home/myles/Documents/score-fluent/src/client/logic/libs/alt.js
FN:1,_interopRequireDefault
FNF:1
FNH:1
FNDA:17,_interopRequireDefault
DA:1,17
DA:3,17
DA:4,17
LF:3
LH:3
BRDA:1,1,0,0
BRDA:1,1,1,17
BRDA:1,2,0,17
BRDA:1,2,1,17
BRF:4
BRH:3
end_of_record
TN:
SF:/home/myles/Documents/score-fluent/src/client/logic/actions/ModalActions.js
FN:1,_interopRequireDefault
FN:1,_classCallCheck
FN:4,ModalActions
FNF:3
FNH:3
FNDA:3,_interopRequireDefault
FNDA:3,_classCallCheck
FNDA:3,ModalActions
DA:1,3
DA:4,3
DA:5,3
DA:10,3
LF:4
LH:4
BRDA:1,1,0,3
BRDA:1,1,1,0
BRDA:1,2,0,3
BRDA:1,2,1,3
BRDA:1,3,0,0
BRDA:1,3,1,3
BRF:6
BRH:4
end_of_record
TN:
SF:/home/myles/Documents/score-fluent/src/client/logic/stores/ModalStore.js
FN:1,(anonymous_1)
FN:1,sliceIterator
FN:1,(anonymous_3)
FN:1,(anonymous_4)
FN:1,defineProperties
FN:1,(anonymous_6)
FN:4,_interopRequireDefault
FN:4,_classCallCheck
FN:6,(anonymous_9)
FN:8,ModalStore
FN:20,getAuthBody
FN:28,close
FN:31,(anonymous_13)
FN:39,register
FN:86,login
FN:117,updateFormValidation
FN:150,registerLoginFail
FN:154,(anonymous_18)
FN:155,(anonymous_19)
FN:168,_validatePasswordConfirm
FN:182,_updateValid
FN:198,(anonymous_22)
FN:214,(anonymous_23)
FNF:23
FNH:21
FNDA:3,(anonymous_1)
FNDA:0,sliceIterator
FNDA:45,(anonymous_3)
FNDA:3,(anonymous_4)
FNDA:3,defineProperties
FNDA:3,(anonymous_6)
FNDA:9,_interopRequireDefault
FNDA:3,_classCallCheck
FNDA:3,(anonymous_9)
FNDA:3,ModalStore
FNDA:0,getAuthBody
FNDA:3,close
FNDA:1,(anonymous_13)
FNDA:2,register
FNDA:2,login
FNDA:45,updateFormValidation
FNDA:3,registerLoginFail
FNDA:3,(anonymous_18)
FNDA:13,(anonymous_19)
FNDA:14,_validatePasswordConfirm
FNDA:62,_updateValid
FNDA:69,(anonymous_22)
FNDA:219,(anonymous_23)
DA:1,45
DA:2,3
DA:4,9
DA:8,3
DA:9,3
DA:11,3
DA:12,3
DA:13,3
DA:14,3
DA:15,3
DA:16,3
DA:17,3
DA:19,3
DA:20,0
DA:28,3
DA:29,3
DA:30,3
DA:31,3
DA:32,1
DA:43,2
DA:93,2
DA:123,45
DA:124,45
DA:125,45
DA:126,45
DA:127,45
DA:128,45
DA:131,45
DA:132,39
DA:133,0
DA:136,39
DA:137,10
DA:139,29
DA:140,17
DA:143,45
DA:144,14
DA:148,45
DA:150,45
DA:153,3
DA:154,3
DA:155,3
DA:156,13
DA:157,3
DA:158,3
DA:162,3
DA:170,14
DA:171,14
DA:172,14
DA:173,14
DA:174,14
DA:175,2
DA:176,12
DA:177,7
DA:179,5
DA:181,14
DA:182,14
DA:186,62
DA:187,62
DA:188,193
DA:189,193
DA:190,178
DA:191,47
DA:192,47
DA:196,62
DA:197,62
DA:198,15
DA:199,69
DA:201,15
DA:202,12
DA:207,3
DA:208,3
DA:214,47
DA:215,219
DA:218,62
LF:74
LH:72
BRDA:1,1,0,0
BRDA:1,1,1,0
BRDA:1,2,0,0
BRDA:1,2,1,0
BRDA:1,3,0,0
BRDA:1,3,1,0
BRDA:1,4,0,0
BRDA:1,4,1,0
BRDA:1,5,0,0
BRDA:1,5,1,0
BRDA:1,6,0,45
BRDA:1,6,1,0
BRDA:1,7,0,0
BRDA:1,7,1,0
BRDA:1,8,0,21
BRDA:1,8,1,21
BRDA:1,9,0,21
BRDA:1,9,1,0
BRDA:1,10,0,3
BRDA:1,10,1,0
BRDA:1,11,0,0
BRDA:1,11,1,3
BRDA:4,12,0,6
BRDA:4,12,1,3
BRDA:4,13,0,9
BRDA:4,13,1,9
BRDA:4,14,0,0
BRDA:4,14,1,3
BRDA:131,15,0,39
BRDA:131,15,1,6
BRDA:132,16,0,0
BRDA:132,16,1,39
BRDA:132,17,0,39
BRDA:132,17,1,0
BRDA:136,18,0,10
BRDA:136,18,1,29
BRDA:136,19,0,39
BRDA:136,19,1,39
BRDA:136,19,2,17
BRDA:139,20,0,17
BRDA:139,20,1,12
BRDA:139,21,0,29
BRDA:139,21,1,22
BRDA:143,22,0,14
BRDA:143,22,1,31
BRDA:143,23,0,45
BRDA:143,23,1,32
BRDA:143,23,2,19
BRDA:156,24,0,3
BRDA:156,24,1,10
BRDA:156,25,0,13
BRDA:156,25,1,8
BRDA:156,25,2,10
BRDA:174,26,0,2
BRDA:174,26,1,12
BRDA:175,27,0,0
BRDA:175,27,1,2
BRDA:176,28,0,7
BRDA:176,28,1,5
BRDA:189,29,0,178
BRDA:189,29,1,15
BRDA:189,30,0,193
BRDA:189,30,1,84
BRDA:190,31,0,47
BRDA:190,31,1,131
BRDA:197,32,0,15
BRDA:197,32,1,47
BRDA:199,33,0,15
BRDA:199,33,1,54
BRDA:201,34,0,12
BRDA:201,34,1,3
BRDA:207,35,0,3
BRDA:207,35,1,0
BRDA:215,36,0,47
BRDA:215,36,1,172
BRF:75
BRH:54
end_of_record
TN:
SF:/home/myles/Documents/score-fluent/src/client/logic/actions/AuthActions.js
FN:1,(anonymous_1)
FN:1,defineProperties
FN:1,(anonymous_3)
FN:9,_interopRequireDefault
FN:9,_classCallCheck
FN:11,(anonymous_6)
FN:12,AuthActions
FN:13,register
FN:18,login
FN:23,_authRequest
FN:34,(anonymous_11)
FNF:11
FNH:7
FNDA:2,(anonymous_1)
FNDA:2,defineProperties
FNDA:2,(anonymous_3)
FNDA:12,_interopRequireDefault
FNDA:2,_classCallCheck
FNDA:2,(anonymous_6)
FNDA:2,AuthActions
FNDA:0,register
FNDA:0,login
FNDA:0,_authRequest
FNDA:0,(anonymous_11)
DA:1,6
DA:3,2
DA:5,2
DA:6,2
DA:8,2
DA:9,12
DA:12,2
DA:13,2
DA:17,0
DA:18,0
DA:22,0
DA:23,0
DA:26,0
DA:27,0
DA:35,0
DA:36,0
DA:39,0
DA:40,0
DA:42,0
DA:43,0
DA:44,0
DA:47,2
LF:22
LH:9
BRDA:1,1,0,6
BRDA:1,1,1,6
BRDA:1,2,0,6
BRDA:1,2,1,0
BRDA:1,3,0,2
BRDA:1,3,1,0
BRDA:1,4,0,0
BRDA:1,4,1,2
BRDA:9,5,0,9
BRDA:9,5,1,3
BRDA:9,6,0,12
BRDA:9,6,1,12
BRDA:9,7,0,0
BRDA:9,7,1,2
BRDA:35,8,0,0
BRDA:35,8,1,0
BRF:16
BRH:10
end_of_record
TN:
SF:/home/myles/Documents/score-fluent/src/client/logic/actions/MenuActions.js
FN:1,(anonymous_1)
FN:1,defineProperties
FN:1,(anonymous_3)
FN:6,_interopRequireDefault
FN:6,_classCallCheck
FN:8,(anonymous_6)
FN:10,MenuActions
FN:16,btnClick
FN:21,(anonymous_9)
FNF:9
FNH:7
FNDA:2,(anonymous_1)
FNDA:2,defineProperties
FNDA:2,(anonymous_3)
FNDA:8,_interopRequireDefault
FNDA:2,_classCallCheck
FNDA:2,(anonymous_6)
FNDA:2,MenuActions
FNDA:0,btnClick
FNDA:0,(anonymous_9)
DA:1,2
DA:3,2
DA:4,2
DA:6,8
DA:10,2
DA:11,2
DA:16,2
DA:21,0
DA:22,0
DA:24,0
DA:25,0
DA:27,0
DA:28,0
DA:30,0
DA:31,0
DA:32,0
DA:34,0
DA:35,0
DA:37,0
DA:38,0
DA:40,0
DA:41,0
DA:43,0
DA:44,2
LF:24
LH:8
BRDA:1,1,0,2
BRDA:1,1,1,2
BRDA:1,2,0,2
BRDA:1,2,1,0
BRDA:1,3,0,2
BRDA:1,3,1,0
BRDA:1,4,0,0
BRDA:1,4,1,2
BRDA:6,5,0,7
BRDA:6,5,1,1
BRDA:6,6,0,8
BRDA:6,6,1,8
BRDA:6,7,0,0
BRDA:6,7,1,2
BRDA:22,8,0,0
BRDA:22,8,1,0
BRDA:22,8,2,0
BRDA:22,8,3,0
BRDA:22,8,4,0
BRDA:22,8,5,0
BRDA:22,8,6,0
BRF:21
BRH:10
end_of_record
TN:
SF:/home/myles/Documents/score-fluent/src/client/logic/stores/GameStore.js
FN:1,(anonymous_1)
FN:1,(anonymous_2)
FN:1,sliceIterator
FN:1,(anonymous_4)
FN:1,(anonymous_5)
FN:1,defineProperties
FN:1,(anonymous_7)
FN:5,_interopRequireDefault
FN:5,_classCallCheck
FN:7,(anonymous_10)
FN:9,UnwrappedGameStore
FN:30,getMode
FN:31,getClefs
FN:32,getDifficulty
FN:32,setNewOption
FN:38,(anonymous_16)
FN:46,(anonymous_17)
FN:55,guessNote
FN:87,(anonymous_19)
FN:89,_rangeToNotes
FN:126,_enharmonicNames
FN:130,_setRandNote
FN:146,_newStaff
FN:156,_newNote
FNF:24
FNH:19
FNDA:0,(anonymous_1)
FNDA:3,(anonymous_2)
FNDA:0,sliceIterator
FNDA:8,(anonymous_4)
FNDA:3,(anonymous_5)
FNDA:3,defineProperties
FNDA:3,(anonymous_7)
FNDA:12,_interopRequireDefault
FNDA:3,_classCallCheck
FNDA:3,(anonymous_10)
FNDA:3,UnwrappedGameStore
FNDA:0,getMode
FNDA:0,getClefs
FNDA:0,getDifficulty
FNDA:8,setNewOption
FNDA:4,(anonymous_16)
FNDA:4,(anonymous_17)
FNDA:2,guessNote
FNDA:2,(anonymous_19)
FNDA:9,_rangeToNotes
FNDA:301,_enharmonicNames
FNDA:2,_setRandNote
FNDA:7,_newStaff
FNDA:9,_newNote
DA:1,21
DA:2,3
DA:4,3
DA:5,12
DA:9,3
DA:10,3
DA:12,3
DA:13,3
DA:15,3
DA:16,3
DA:17,3
DA:19,3
DA:20,3
DA:22,3
DA:23,3
DA:25,3
DA:26,3
DA:27,3
DA:29,3
DA:30,0
DA:31,0
DA:32,3
DA:37,8
DA:38,8
DA:39,4
DA:44,4
DA:45,4
DA:46,4
DA:59,2
DA:60,2
DA:61,2
DA:62,2
DA:63,1
DA:64,1
DA:75,1
DA:76,1
DA:87,2
DA:88,2
DA:94,9
DA:95,9
DA:96,9
DA:97,9
DA:98,301
DA:99,301
DA:100,25
DA:104,276
DA:105,25
DA:109,251
DA:110,25
DA:114,226
DA:115,126
DA:120,100
DA:126,9
DA:130,301
DA:134,2
DA:135,2
DA:136,2
DA:137,0
DA:138,0
DA:140,2
DA:152,7
DA:153,7
DA:161,9
LF:63
LH:59
BRDA:1,1,0,3
BRDA:1,1,1,0
BRDA:1,2,0,0
BRDA:1,2,1,0
BRDA:1,3,0,0
BRDA:1,3,1,0
BRDA:1,4,0,0
BRDA:1,4,1,0
BRDA:1,5,0,0
BRDA:1,5,1,0
BRDA:1,6,0,0
BRDA:1,6,1,0
BRDA:1,7,0,0
BRDA:1,7,1,0
BRDA:1,8,0,8
BRDA:1,8,1,0
BRDA:1,9,0,0
BRDA:1,9,1,0
BRDA:1,10,0,21
BRDA:1,10,1,21
BRDA:1,11,0,21
BRDA:1,11,1,0
BRDA:1,12,0,3
BRDA:1,12,1,0
BRDA:1,13,0,0
BRDA:1,13,1,3
BRDA:5,14,0,6
BRDA:5,14,1,6
BRDA:5,15,0,12
BRDA:5,15,1,12
BRDA:5,16,0,0
BRDA:5,16,1,3
BRDA:38,17,0,4
BRDA:38,17,1,4
BRDA:49,18,0,0
BRDA:49,18,1,4
BRDA:50,19,0,2
BRDA:50,19,1,2
BRDA:60,20,0,2
BRDA:60,20,1,0
BRDA:62,21,0,1
BRDA:62,21,1,1
BRDA:62,22,0,2
BRDA:62,22,1,1
BRDA:62,22,2,0
BRDA:97,23,0,310
BRDA:97,23,1,33
BRDA:99,24,0,25
BRDA:99,24,1,276
BRDA:104,25,0,25
BRDA:104,25,1,251
BRDA:109,26,0,25
BRDA:109,26,1,226
BRDA:114,27,0,126
BRDA:114,27,1,100
BRF:55
BRH:33
end_of_record
TN:
SF:/home/myles/Documents/score-fluent/src/client/logic/actions/GameActions.js
FN:1,_interopRequireDefault
FNF:1
FNH:1
FNDA:3,_interopRequireDefault
DA:1,3
LF:1
LH:1
BRDA:1,1,0,3
BRDA:1,1,1,0
BRDA:1,2,0,3
BRDA:1,2,1,3
BRF:4
BRH:3
end_of_record
TN:
SF:/home/myles/Documents/score-fluent/src/client/logic/stores/AuthStore.js
FN:1,(anonymous_1)
FN:1,defineProperties
FN:1,(anonymous_3)
FN:3,_interopRequireDefault
FN:3,_classCallCheck
FN:5,(anonymous_6)
FN:7,AuthStore
FN:14,getUrl
FN:15,getPayload
FN:22,init
FN:34,logout
FN:45,_getLocalToken
FNF:12
FNH:11
FNDA:3,(anonymous_1)
FNDA:3,defineProperties
FNDA:3,(anonymous_3)
FNDA:6,_interopRequireDefault
FNDA:3,_classCallCheck
FNDA:3,(anonymous_6)
FNDA:3,AuthStore
FNDA:0,getUrl
FNDA:3,getPayload
FNDA:2,init
FNDA:1,logout
FNDA:2,_getLocalToken
DA:1,9
DA:3,6
DA:7,3
DA:8,3
DA:10,3
DA:11,3
DA:13,3
DA:14,0
DA:15,3
DA:22,3
DA:24,2
DA:25,2
DA:27,2
DA:28,2
DA:29,1
DA:31,1
DA:34,2
DA:38,1
DA:39,1
DA:47,2
DA:48,2
DA:50,3
LF:22
LH:21
BRDA:1,1,0,9
BRDA:1,1,1,9
BRDA:1,2,0,9
BRDA:1,2,1,0
BRDA:1,3,0,3
BRDA:1,3,1,0
BRDA:1,4,0,0
BRDA:1,4,1,3
BRDA:3,5,0,4
BRDA:3,5,1,2
BRDA:3,6,0,6
BRDA:3,6,1,6
BRDA:3,7,0,0
BRDA:3,7,1,3
BRDA:15,8,0,3
BRDA:15,8,1,2
BRDA:24,9,0,0
BRDA:24,9,1,2
BRDA:28,10,0,1
BRDA:28,10,1,1
BRF:20
BRH:15
end_of_record
TN:
SF:/home/myles/Documents/score-fluent/src/client/logic/stores/MenuStore.js
FN:1,(anonymous_1)
FN:1,(anonymous_2)
FN:1,sliceIterator
FN:1,(anonymous_4)
FN:1,(anonymous_5)
FN:1,defineProperties
FN:1,(anonymous_7)
FN:4,_interopRequireDefault
FN:4,_classCallCheck
FN:6,(anonymous_10)
FN:8,UnwrappedMenuStore
FN:23,init
FN:26,registerLoginSuccess
FN:30,btnClick
FN:49,chooseOption
FN:54,(anonymous_16)
FN:56,(anonymous_17)
FN:60,(anonymous_18)
FN:64,toggleOption
FN:69,(anonymous_20)
FN:71,(anonymous_21)
FN:74,submitOptions
FN:88,_animateMenu
FN:90,(anonymous_24)
FN:91,(anonymous_25)
FN:91,(anonymous_26)
FN:109,_setLoggedOutMenu
FN:116,_setLoggedInMenu
FN:126,_setModeMenu
FN:145,_setClefsMenu
FN:188,_setDifficultyMenu
FNF:31
FNH:27
FNDA:0,(anonymous_1)
FNDA:1,(anonymous_2)
FNDA:0,sliceIterator
FNDA:2,(anonymous_4)
FNDA:1,(anonymous_5)
FNDA:1,defineProperties
FNDA:1,(anonymous_7)
FNDA:3,_interopRequireDefault
FNDA:1,_classCallCheck
FNDA:1,(anonymous_10)
FNDA:1,UnwrappedMenuStore
FNDA:2,init
FNDA:0,registerLoginSuccess
FNDA:2,btnClick
FNDA:1,chooseOption
FNDA:3,(anonymous_16)
FNDA:3,(anonymous_17)
FNDA:1,(anonymous_18)
FNDA:7,toggleOption
FNDA:35,(anonymous_20)
FNDA:30,(anonymous_21)
FNDA:1,submitOptions
FNDA:6,_animateMenu
FNDA:6,(anonymous_24)
FNDA:28,(anonymous_25)
FNDA:25,(anonymous_26)
FNDA:1,_setLoggedOutMenu
FNDA:1,_setLoggedInMenu
FNDA:1,_setModeMenu
FNDA:1,_setClefsMenu
FNDA:0,_setDifficultyMenu
DA:1,12
DA:2,1
DA:4,3
DA:8,1
DA:9,1
DA:11,1
DA:12,1
DA:13,1
DA:14,1
DA:16,1
DA:17,1
DA:23,1
DA:25,2
DA:26,1
DA:30,0
DA:33,2
DA:34,2
DA:36,0
DA:37,0
DA:39,1
DA:40,1
DA:42,1
DA:43,1
DA:45,0
DA:46,0
DA:48,0
DA:49,0
DA:53,1
DA:54,3
DA:55,1
DA:56,1
DA:57,3
DA:59,1
DA:60,1
DA:61,1
DA:64,0
DA:69,35
DA:70,7
DA:71,6
DA:72,30
DA:74,6
DA:79,1
DA:88,6
DA:89,6
DA:90,6
DA:91,28
DA:92,6
DA:111,1
DA:121,1
DA:131,1
DA:149,1
DA:190,0
DA:210,1
LF:53
LH:44
BRDA:1,1,0,1
BRDA:1,1,1,0
BRDA:1,2,0,0
BRDA:1,2,1,0
BRDA:1,3,0,0
BRDA:1,3,1,0
BRDA:1,4,0,0
BRDA:1,4,1,0
BRDA:1,5,0,0
BRDA:1,5,1,0
BRDA:1,6,0,0
BRDA:1,6,1,0
BRDA:1,7,0,0
BRDA:1,7,1,0
BRDA:1,8,0,2
BRDA:1,8,1,0
BRDA:1,9,0,0
BRDA:1,9,1,0
BRDA:1,10,0,12
BRDA:1,10,1,12
BRDA:1,11,0,12
BRDA:1,11,1,0
BRDA:1,12,0,1
BRDA:1,12,1,0
BRDA:1,13,0,0
BRDA:1,13,1,1
BRDA:4,14,0,2
BRDA:4,14,1,1
BRDA:4,15,0,3
BRDA:4,15,1,3
BRDA:4,16,0,0
BRDA:4,16,1,1
BRDA:25,17,0,1
BRDA:25,17,1,1
BRDA:34,18,0,0
BRDA:34,18,1,1
BRDA:34,18,2,1
BRDA:34,18,3,0
BRDA:34,18,4,0
BRDA:55,19,0,1
BRDA:55,19,1,0
BRDA:70,20,0,6
BRDA:70,20,1,1
BRDA:70,21,0,7
BRDA:70,21,1,1
BRDA:72,22,0,6
BRDA:72,22,1,24
BRDA:95,23,0,2
BRDA:95,23,1,4
BRDA:97,24,0,2
BRDA:97,24,1,4
BRF:51
BRH:27
end_of_record
